#
# A fatal error has been detected by the Java Runtime Environment:
#
#  EXCEPTION_ACCESS_VIOLATION (0xc0000005) at pc=0x00007fff3008f960, pid=2152, tid=8096
#
# JRE version: Java(TM) SE Runtime Environment (13.0.1+9) (build 13.0.1+9)
# Java VM: Java HotSpot(TM) 64-Bit Server VM (13.0.1+9, mixed mode, sharing, tiered, compressed oops, g1 gc, windows-amd64)
# Problematic frame:
# C  [nvoglv64.DLL+0x115f960]
#
# No core dump will be written. Minidumps are not enabled by default on client versions of Windows
#
# If you would like to submit a bug report, please visit:
#   http://bugreport.java.com/bugreport/crash.jsp
# The crash happened outside the Java Virtual Machine in native code.
# See problematic frame for where to report the bug.
#

---------------  S U M M A R Y ------------

Command Line: -Dfile.encoding=UTF-8 urender.demo.UDemoWindow

Host: AMD Ryzen 5 1600 Six-Core Processor            , 12 cores, 15G,  Windows 8.1 , 64 bit Build 9600 (6.3.9600.20062)
Time: Tue Nov  9 20:10:37 2021 Stoední Evropa (bi?ný eas) elapsed time: 1 seconds (0d 0h 0m 1s)

---------------  T H R E A D  ---------------

Current thread (0x000000449a2ae000):  JavaThread "AWT-EventQueue-0" [_thread_in_native, id=8096, stack(0x000000449b790000,0x000000449b890000)]

Stack: [0x000000449b790000,0x000000449b890000],  sp=0x000000449b88d2b8,  free space=1012k
Native frames: (J=compiled Java code, j=interpreted, Vv=VM code, C=native code)
C  [nvoglv64.DLL+0x115f960]

Java frames: (J=compiled Java code, j=interpreted, Vv=VM code)
j  jogamp.opengl.gl4.GL4bcImpl.dispatch_glDrawArrays1(IIIJ)V+0
j  jogamp.opengl.gl4.GL4bcImpl.glDrawArrays(III)V+45
j  jogamp.opengl.util.glsl.GLSLTextureRaster.display(Lcom/jogamp/opengl/GL2ES2;)V+30
j  com.jogamp.opengl.awt.GLJPanel$OffscreenBackend.postGL(Ljava/awt/Graphics;Z)V+1861
j  com.jogamp.opengl.awt.GLJPanel$Updater.display(Lcom/jogamp/opengl/GLAutoDrawable;)V+215
j  com.jogamp.opengl.awt.GLJPanel$10.run()V+11
j  jogamp.opengl.GLDrawableHelper.invokeGLImpl(Lcom/jogamp/opengl/GLDrawable;Lcom/jogamp/opengl/GLContext;Ljava/lang/Runnable;Ljava/lang/Runnable;)V+203
j  jogamp.opengl.GLDrawableHelper.invokeGL(Lcom/jogamp/opengl/GLDrawable;Lcom/jogamp/opengl/GLContext;Ljava/lang/Runnable;Ljava/lang/Runnable;)V+72
j  com.jogamp.opengl.awt.GLJPanel$OffscreenBackend.doPaintComponent(Ljava/awt/Graphics;)V+29
j  com.jogamp.opengl.awt.GLJPanel.paintComponent(Ljava/awt/Graphics;)V+224
j  javax.swing.JComponent.paint(Ljava/awt/Graphics;)V+286 java.desktop@13.0.1
j  javax.swing.JComponent.paintChildren(Ljava/awt/Graphics;)V+523 java.desktop@13.0.1
j  javax.swing.JComponent.paint(Ljava/awt/Graphics;)V+318 java.desktop@13.0.1
j  javax.swing.JComponent.paintChildren(Ljava/awt/Graphics;)V+523 java.desktop@13.0.1
j  javax.swing.JComponent.paint(Ljava/awt/Graphics;)V+318 java.desktop@13.0.1
j  javax.swing.JLayeredPane.paint(Ljava/awt/Graphics;)V+73 java.desktop@13.0.1
j  javax.swing.JComponent.paintChildren(Ljava/awt/Graphics;)V+523 java.desktop@13.0.1
j  javax.swing.JComponent.paintToOffscreen(Ljava/awt/Graphics;IIIIII)V+72 java.desktop@13.0.1
j  javax.swing.RepaintManager$PaintManager.paintDoubleBufferedImpl(Ljavax/swing/JComponent;Ljava/awt/Image;Ljava/awt/Graphics;IIII)V+163 java.desktop@13.0.1
j  javax.swing.RepaintManager$PaintManager.paintDoubleBuffered(Ljavax/swing/JComponent;Ljava/awt/Image;Ljava/awt/Graphics;IIII)V+46 java.desktop@13.0.1
j  javax.swing.RepaintManager$PaintManager.paint(Ljavax/swing/JComponent;Ljavax/swing/JComponent;Ljava/awt/Graphics;IIII)Z+128 java.desktop@13.0.1
j  javax.swing.RepaintManager.paint(Ljavax/swing/JComponent;Ljavax/swing/JComponent;Ljava/awt/Graphics;IIII)V+52 java.desktop@13.0.1
j  javax.swing.JComponent.paint(Ljava/awt/Graphics;)V+221 java.desktop@13.0.1
j  java.awt.GraphicsCallback$PaintCallback.run(Ljava/awt/Component;Ljava/awt/Graphics;)V+2 java.desktop@13.0.1
j  sun.awt.SunGraphicsCallback.runOneComponent(Ljava/awt/Component;Ljava/awt/Rectangle;Ljava/awt/Graphics;Ljava/awt/Shape;I)V+130 java.desktop@13.0.1
j  sun.awt.SunGraphicsCallback.runComponents([Ljava/awt/Component;Ljava/awt/Graphics;I)V+157 java.desktop@13.0.1
j  java.awt.Container.paint(Ljava/awt/Graphics;)V+58 java.desktop@13.0.1
j  java.awt.Window.paint(Ljava/awt/Graphics;)V+68 java.desktop@13.0.1
j  javax.swing.RepaintManager$4.run()Ljava/lang/Void;+142 java.desktop@13.0.1
j  javax.swing.RepaintManager$4.run()Ljava/lang/Object;+1 java.desktop@13.0.1
J 572 c1 java.security.AccessController.executePrivileged(Ljava/security/PrivilegedAction;Ljava/security/AccessControlContext;Ljava/lang/Class;)Ljava/lang/Object; java.base@13.0.1 (65 bytes) @ 0x000000448067a7c4 [0x000000448067a660+0x0000000000000164]
j  java.security.AccessController.doPrivileged(Ljava/security/PrivilegedAction;Ljava/security/AccessControlContext;)Ljava/lang/Object;+13 java.base@13.0.1
j  java.security.ProtectionDomain$JavaSecurityAccessImpl.doIntersectionPrivilege(Ljava/security/PrivilegedAction;Ljava/security/AccessControlContext;Ljava/security/AccessControlContext;)Ljava/lang/Object;+18 java.base@13.0.1
j  javax.swing.RepaintManager.paintDirtyRegions(Ljava/util/Map;)V+154 java.desktop@13.0.1
j  javax.swing.RepaintManager.paintDirtyRegions()V+46 java.desktop@13.0.1
j  javax.swing.RepaintManager.prePaintDirtyRegions()V+73 java.desktop@13.0.1
j  javax.swing.RepaintManager$ProcessingRunnable.run()V+37 java.desktop@13.0.1
j  java.awt.event.InvocationEvent.dispatch()V+47 java.desktop@13.0.1
j  java.awt.EventQueue.dispatchEventImpl(Ljava/awt/AWTEvent;Ljava/lang/Object;)V+21 java.desktop@13.0.1
j  java.awt.EventQueue$4.run()Ljava/lang/Void;+32 java.desktop@13.0.1
j  java.awt.EventQueue$4.run()Ljava/lang/Object;+1 java.desktop@13.0.1
J 572 c1 java.security.AccessController.executePrivileged(Ljava/security/PrivilegedAction;Ljava/security/AccessControlContext;Ljava/lang/Class;)Ljava/lang/Object; java.base@13.0.1 (65 bytes) @ 0x000000448067a7c4 [0x000000448067a660+0x0000000000000164]
j  java.security.AccessController.doPrivileged(Ljava/security/PrivilegedAction;Ljava/security/AccessControlContext;)Ljava/lang/Object;+13 java.base@13.0.1
j  java.security.ProtectionDomain$JavaSecurityAccessImpl.doIntersectionPrivilege(Ljava/security/PrivilegedAction;Ljava/security/AccessControlContext;Ljava/security/AccessControlContext;)Ljava/lang/Object;+18 java.base@13.0.1
j  java.awt.EventQueue.dispatchEvent(Ljava/awt/AWTEvent;)V+46 java.desktop@13.0.1
j  java.awt.EventDispatchThread.pumpOneEventForFilters(I)V+78 java.desktop@13.0.1
j  java.awt.EventDispatchThread.pumpEventsForFilter(ILjava/awt/Conditional;Ljava/awt/EventFilter;)V+35 java.desktop@13.0.1
j  java.awt.EventDispatchThread.pumpEventsForHierarchy(ILjava/awt/Conditional;Ljava/awt/Component;)V+11 java.desktop@13.0.1
j  java.awt.EventDispatchThread.pumpEvents(ILjava/awt/Conditional;)V+4 java.desktop@13.0.1
j  java.awt.EventDispatchThread.pumpEvents(Ljava/awt/Conditional;)V+3 java.desktop@13.0.1
j  java.awt.EventDispatchThread.run()V+9 java.desktop@13.0.1
v  ~StubRoutines::call_stub

siginfo: EXCEPTION_ACCESS_VIOLATION (0xc0000005), reading address 0x0000000000000000


Register to memory mapping:

RIP=0x00007fff3008f960 nvoglv64.DLL
RAX=0x0000000000000040 is an unknown value
RBX=0x00000000000002e0 is an unknown value
RCX=0x000000449db77da8 points into unknown readable memory: 2a 00 00 00 08 00 00 00
RDX=0xffffffbb62488258 is an unknown value
RSP=0x000000449b88d2b8 is pointing into the stack for thread: 0x000000449a2ae000
RBP=0x0000000000000008 is an unknown value
RSI=0x0000000000000004 is an unknown value
RDI=0x000000449db77da8 points into unknown readable memory: 2a 00 00 00 08 00 00 00
R8 =0x0000000000000040 is an unknown value
R9 =0x0000000000000004 is an unknown value
R10=0x0 is NULL
R11=0x000000449db77da8 points into unknown readable memory: 2a 00 00 00 08 00 00 00
R12=0x0 is NULL
R13=0x00007fff2ef30000 nvoglv64.DLL
R14=0x0000000000000003 is an unknown value
R15=0x00000044a0105438 points into unknown readable memory: 03 00 00 00 01 00 00 00


Registers:
RAX=0x0000000000000040, RBX=0x00000000000002e0, RCX=0x000000449db77da8, RDX=0xffffffbb62488258
RSP=0x000000449b88d2b8, RBP=0x0000000000000008, RSI=0x0000000000000004, RDI=0x000000449db77da8
R8 =0x0000000000000040, R9 =0x0000000000000004, R10=0x0000000000000000, R11=0x000000449db77da8
R12=0x0000000000000000, R13=0x00007fff2ef30000, R14=0x0000000000000003, R15=0x00000044a0105438
RIP=0x00007fff3008f960, EFLAGS=0x0000000000010287

Top of Stack: (sp=0x000000449b88d2b8)
0x000000449b88d2b8:   00007fff2faf67ac 000000448000a273
0x000000449b88d2c8:   000000449b88d448 000000449a2ae000
0x000000449b88d2d8:   00007fff2f969b6b 0000000000000000
0x000000449b88d2e8:   0000000000000000 0000000000000000
0x000000449b88d2f8:   000000000002810b 00000044a0105438
0x000000449b88d308:   00007fff2faf76bb 00000044a0103080
0x000000449b88d318:   0000000000000005 0000000000000004
0x000000449b88d328:   000000448000f340 000000449a2ae000
0x000000449b88d338:   000000449b88d448 0000004499777378
0x000000449b88d348:   0000000000000000 000000448000a273
0x000000449b88d358:   000000448000f4f7 0000004499777378
0x000000449b88d368:   000000449b88d400 0000000000001340
0x000000449b88d378:   00007fff2e9a2b3f 0000004400000004
0x000000449b88d388:   00007fff2fa45c10 0000004499777378
0x000000449b88d398:   0000000000001340 000000449a2ae000
0x000000449b88d3a8:   00007fff2e99c5df 000000448000f196 

Instructions: (pc=0x00007fff3008f960)
0x00007fff3008f860:   4c 8b 02 8b 4a 08 4c 89 00 89 48 08 c3 0f 1f 00
0x00007fff3008f870:   4c 8b 02 8b 4a 08 44 0f b7 4a 0c 4c 89 00 89 48
0x00007fff3008f880:   08 66 44 89 48 0c c3 66 0f 1f 84 00 00 00 00 00
0x00007fff3008f890:   4c 8b 02 8b 4a 08 44 0f b7 4a 0c 44 0f b6 52 0e
0x00007fff3008f8a0:   4c 89 00 89 48 08 66 44 89 48 0c 44 88 50 0e c3
0x00007fff3008f8b0:   0f 10 04 11 4c 03 c1 48 83 c1 10 41 f6 c3 0f 74
0x00007fff3008f8c0:   13 0f 28 c8 48 83 e1 f0 0f 10 04 11 48 83 c1 10
0x00007fff3008f8d0:   41 0f 11 0b 4c 2b c1 4d 8b c8 49 c1 e9 07 0f 84
0x00007fff3008f8e0:   88 00 00 00 0f 29 41 f0 4c 3b 0d 19 4e 60 01 76
0x00007fff3008f8f0:   17 e9 c2 00 00 00 66 66 0f 1f 84 00 00 00 00 00
0x00007fff3008f900:   0f 29 41 e0 0f 29 49 f0 0f 10 04 11 0f 10 4c 11
0x00007fff3008f910:   10 48 81 c1 80 00 00 00 0f 29 41 80 0f 29 49 90
0x00007fff3008f920:   0f 10 44 11 a0 0f 10 4c 11 b0 49 ff c9 0f 29 41
0x00007fff3008f930:   a0 0f 29 49 b0 0f 10 44 11 c0 0f 10 4c 11 d0 0f
0x00007fff3008f940:   29 41 c0 0f 29 49 d0 0f 10 44 11 e0 0f 10 4c 11
0x00007fff3008f950:   f0 75 ad 0f 29 41 e0 49 83 e0 7f 0f 28 c1 eb 0c
0x00007fff3008f960:   0f 10 04 11 48 83 c1 10 49 83 e8 10 4d 8b c8 49
0x00007fff3008f970:   c1 e9 04 74 1c 66 66 66 0f 1f 84 00 00 00 00 00
0x00007fff3008f980:   0f 11 41 f0 0f 10 04 11 48 83 c1 10 49 ff c9 75
0x00007fff3008f990:   ef 49 83 e0 0f 74 0d 4a 8d 04 01 0f 10 4c 10 f0
0x00007fff3008f9a0:   0f 11 48 f0 0f 11 41 f0 49 8b c3 c3 0f 1f 40 00
0x00007fff3008f9b0:   0f 2b 41 e0 0f 2b 49 f0 0f 18 84 11 00 02 00 00
0x00007fff3008f9c0:   0f 10 04 11 0f 10 4c 11 10 48 81 c1 80 00 00 00
0x00007fff3008f9d0:   0f 2b 41 80 0f 2b 49 90 0f 10 44 11 a0 0f 10 4c
0x00007fff3008f9e0:   11 b0 49 ff c9 0f 2b 41 a0 0f 2b 49 b0 0f 10 44
0x00007fff3008f9f0:   11 c0 0f 10 4c 11 d0 0f 18 84 11 40 02 00 00 0f
0x00007fff3008fa00:   2b 41 c0 0f 2b 49 d0 0f 10 44 11 e0 0f 10 4c 11
0x00007fff3008fa10:   f0 75 9d 0f ae f8 e9 38 ff ff ff 0f 1f 44 00 00
0x00007fff3008fa20:   49 03 c8 0f 10 44 11 f0 48 83 e9 10 49 83 e8 10
0x00007fff3008fa30:   f6 c1 0f 74 17 48 8b c1 48 83 e1 f0 0f 10 c8 0f
0x00007fff3008fa40:   10 04 11 0f 11 08 4c 8b c1 4d 2b c3 4d 8b c8 49
0x00007fff3008fa50:   c1 e9 07 74 68 0f 29 01 eb 0d 66 0f 1f 44 00 00 


Stack slot to memory mapping:
stack at sp + 0 slots: 0x00007fff2faf67ac nvoglv64.DLL
stack at sp + 1 slots: 0x000000448000a273 is at code_begin+2355 in an Interpreter codelet
invoke return entry points  [0x0000004480009940, 0x000000448000a360]  2592 bytes
stack at sp + 2 slots: 0x000000449b88d448 is pointing into the stack for thread: 0x000000449a2ae000
stack at sp + 3 slots: 0x000000449a2ae000 is a thread
stack at sp + 4 slots: 0x00007fff2f969b6b nvoglv64.DLL
stack at sp + 5 slots: 0x0 is NULL
stack at sp + 6 slots: 0x0 is NULL
stack at sp + 7 slots: 0x0 is NULL


---------------  P R O C E S S  ---------------

Threads class SMR info:
_java_thread_list=0x000000449d889d40, length=16, elements={
0x00000044ff959000, 0x00000044ff95a800, 0x00000044ff981000, 0x00000044ff984800,
0x00000044ff986000, 0x00000044ff988800, 0x00000044ff98e000, 0x00000044ffad4800,
0x00000044ffacd800, 0x000000449a1f7000, 0x000000449a1fc800, 0x000000449a23c000,
0x000000449a2ae000, 0x00000044f42da000, 0x000000449a72e800, 0x000000449dbf9000
}

Java Threads: ( => current thread )
  0x00000044ff959000 JavaThread "Reference Handler" daemon [_thread_blocked, id=4044, stack(0x00000044ffdc0000,0x00000044ffec0000)]
  0x00000044ff95a800 JavaThread "Finalizer" daemon [_thread_blocked, id=11772, stack(0x00000044ffec0000,0x00000044fffc0000)]
  0x00000044ff981000 JavaThread "Signal Dispatcher" daemon [_thread_blocked, id=5956, stack(0x0000004499880000,0x0000004499980000)]
  0x00000044ff984800 JavaThread "Attach Listener" daemon [_thread_blocked, id=6984, stack(0x0000004499980000,0x0000004499a80000)]
  0x00000044ff986000 JavaThread "C2 CompilerThread0" daemon [_thread_blocked, id=7160, stack(0x0000004499a80000,0x0000004499b80000)]
  0x00000044ff988800 JavaThread "C1 CompilerThread0" daemon [_thread_blocked, id=2224, stack(0x0000004499b80000,0x0000004499c80000)]
  0x00000044ff98e000 JavaThread "Sweeper thread" daemon [_thread_blocked, id=7200, stack(0x0000004499c80000,0x0000004499d80000)]
  0x00000044ffad4800 JavaThread "Service Thread" daemon [_thread_blocked, id=6712, stack(0x0000004499d80000,0x0000004499e80000)]
  0x00000044ffacd800 JavaThread "Common-Cleaner" daemon [_thread_blocked, id=7740, stack(0x0000004499f80000,0x000000449a080000)]
  0x000000449a1f7000 JavaThread "Java2D Disposer" daemon [_thread_blocked, id=11040, stack(0x000000449a9a0000,0x000000449aaa0000)]
  0x000000449a1fc800 JavaThread "AWT-Shutdown" [_thread_blocked, id=1588, stack(0x000000449aaa0000,0x000000449aba0000)]
  0x000000449a23c000 JavaThread "AWT-Windows" daemon [_thread_in_native, id=1184, stack(0x000000449aba0000,0x000000449aca0000)]
=>0x000000449a2ae000 JavaThread "AWT-EventQueue-0" [_thread_in_native, id=8096, stack(0x000000449b790000,0x000000449b890000)]
  0x00000044f42da000 JavaThread "DestroyJavaVM" [_thread_blocked, id=6376, stack(0x00000044f3980000,0x00000044f3a80000)]
  0x000000449a72e800 JavaThread "AWT-EventQueue-0-SharedResourceRunner" daemon [_thread_blocked, id=8948, stack(0x000000449b690000,0x000000449b790000)]
  0x000000449dbf9000 JavaThread "D3D Screen Updater" daemon [_thread_blocked, id=7396, stack(0x00000044a0000000,0x00000044a0100000)]

Other Threads:
  0x00000044ff956000 VMThread "VM Thread" [stack: 0x00000044ffcc0000,0x00000044ffdc0000] [id=6804]
  0x00000044ffacb800 WatcherThread [stack: 0x0000004499e80000,0x0000004499f80000] [id=10908]
  0x00000044f4343000 GCTaskThread "GC Thread#0" [stack: 0x00000044fe720000,0x00000044fe820000] [id=11496]
  0x000000449d8ad800 GCTaskThread "GC Thread#1" [stack: 0x000000449ee40000,0x000000449ef40000] [id=1376]
  0x000000449d8ae000 GCTaskThread "GC Thread#2" [stack: 0x000000449ef40000,0x000000449f040000] [id=9072]
  0x000000449d8af000 GCTaskThread "GC Thread#3" [stack: 0x000000449fa00000,0x000000449fb00000] [id=5896]
  0x000000449d8af800 GCTaskThread "GC Thread#4" [stack: 0x000000449fb00000,0x000000449fc00000] [id=5096]
  0x000000449d480000 GCTaskThread "GC Thread#5" [stack: 0x000000449fc00000,0x000000449fd00000] [id=3816]
  0x00000044f4367800 ConcurrentGCThread "G1 Main Marker" [stack: 0x00000044fe820000,0x00000044fe920000] [id=4696]
  0x00000044f4369800 ConcurrentGCThread "G1 Conc#0" [stack: 0x00000044fe920000,0x00000044fea20000] [id=2496]
  0x00000044ff07c000 ConcurrentGCThread "G1 Refine#0" [stack: 0x00000044ff6c0000,0x00000044ff7c0000] [id=2236]
  0x00000044ff07e000 ConcurrentGCThread "G1 Young RemSet Sampling" [stack: 0x00000044ff7c0000,0x00000044ff8c0000] [id=8356]

Threads with active compile tasks:

VM state:not at safepoint (normal execution)

VM Mutex/Monitor currently owned by a thread: None

Heap address: 0x0000000700c00000, size: 4084 MB, Compressed Oops mode: Zero based, Oop shift amount: 3
Narrow klass base: 0x0000000800000000, Narrow klass shift: 3
Compressed class space size: 1073741824 Address: 0x0000000800b40000

Heap:
 garbage-first heap   total 262144K, used 11038K [0x0000000700c00000, 0x0000000800000000)
  region size 1024K, 10 young (10240K), 3 survivors (3072K)
 Metaspace       used 15929K, capacity 16276K, committed 16640K, reserved 1064960K
  class space    used 1350K, capacity 1494K, committed 1536K, reserved 1048576K
Heap Regions: E=young(eden), S=young(survivor), O=old, HS=humongous(starts), HC=humongous(continues), CS=collection set, F=free, A=archive, TAMS=top-at-mark-start (previous, next)
|   0|0x0000000700c00000, 0x0000000700d00000, 0x0000000700d00000|100%|HS|  |TAMS 0x0000000700c00000, 0x0000000700c00000| Complete 
|   1|0x0000000700d00000, 0x0000000700dc7800, 0x0000000700e00000| 77%| O|  |TAMS 0x0000000700d00000, 0x0000000700d00000| Untracked 
|   2|0x0000000700e00000, 0x0000000700e00000, 0x0000000700f00000|  0%| F|  |TAMS 0x0000000700e00000, 0x0000000700e00000| Untracked 
|   3|0x0000000700f00000, 0x0000000700f00000, 0x0000000701000000|  0%| F|  |TAMS 0x0000000700f00000, 0x0000000700f00000| Untracked 
|   4|0x0000000701000000, 0x0000000701000000, 0x0000000701100000|  0%| F|  |TAMS 0x0000000701000000, 0x0000000701000000| Untracked 
|   5|0x0000000701100000, 0x0000000701100000, 0x0000000701200000|  0%| F|  |TAMS 0x0000000701100000, 0x0000000701100000| Untracked 
|   6|0x0000000701200000, 0x0000000701200000, 0x0000000701300000|  0%| F|  |TAMS 0x0000000701200000, 0x0000000701200000| Untracked 
|   7|0x0000000701300000, 0x0000000701300000, 0x0000000701400000|  0%| F|  |TAMS 0x0000000701300000, 0x0000000701300000| Untracked 
|   8|0x0000000701400000, 0x0000000701400000, 0x0000000701500000|  0%| F|  |TAMS 0x0000000701400000, 0x0000000701400000| Untracked 
|   9|0x0000000701500000, 0x0000000701500000, 0x0000000701600000|  0%| F|  |TAMS 0x0000000701500000, 0x0000000701500000| Untracked 
|  10|0x0000000701600000, 0x0000000701600000, 0x0000000701700000|  0%| F|  |TAMS 0x0000000701600000, 0x0000000701600000| Untracked 
|  11|0x0000000701700000, 0x0000000701700000, 0x0000000701800000|  0%| F|  |TAMS 0x0000000701700000, 0x0000000701700000| Untracked 
|  12|0x0000000701800000, 0x0000000701800000, 0x0000000701900000|  0%| F|  |TAMS 0x0000000701800000, 0x0000000701800000| Untracked 
|  13|0x0000000701900000, 0x0000000701900000, 0x0000000701a00000|  0%| F|  |TAMS 0x0000000701900000, 0x0000000701900000| Untracked 
|  14|0x0000000701a00000, 0x0000000701a00000, 0x0000000701b00000|  0%| F|  |TAMS 0x0000000701a00000, 0x0000000701a00000| Untracked 
|  15|0x0000000701b00000, 0x0000000701b00000, 0x0000000701c00000|  0%| F|  |TAMS 0x0000000701b00000, 0x0000000701b00000| Untracked 
|  16|0x0000000701c00000, 0x0000000701c00000, 0x0000000701d00000|  0%| F|  |TAMS 0x0000000701c00000, 0x0000000701c00000| Untracked 
|  17|0x0000000701d00000, 0x0000000701d00000, 0x0000000701e00000|  0%| F|  |TAMS 0x0000000701d00000, 0x0000000701d00000| Untracked 
|  18|0x0000000701e00000, 0x0000000701e00000, 0x0000000701f00000|  0%| F|  |TAMS 0x0000000701e00000, 0x0000000701e00000| Untracked 
|  19|0x0000000701f00000, 0x0000000701f00000, 0x0000000702000000|  0%| F|  |TAMS 0x0000000701f00000, 0x0000000701f00000| Untracked 
|  20|0x0000000702000000, 0x0000000702000000, 0x0000000702100000|  0%| F|  |TAMS 0x0000000702000000, 0x0000000702000000| Untracked 
|  21|0x0000000702100000, 0x0000000702100000, 0x0000000702200000|  0%| F|  |TAMS 0x0000000702100000, 0x0000000702100000| Untracked 
|  22|0x0000000702200000, 0x0000000702200000, 0x0000000702300000|  0%| F|  |TAMS 0x0000000702200000, 0x0000000702200000| Untracked 
|  23|0x0000000702300000, 0x0000000702300000, 0x0000000702400000|  0%| F|  |TAMS 0x0000000702300000, 0x0000000702300000| Untracked 
|  24|0x0000000702400000, 0x0000000702400000, 0x0000000702500000|  0%| F|  |TAMS 0x0000000702400000, 0x0000000702400000| Untracked 
|  25|0x0000000702500000, 0x0000000702500000, 0x0000000702600000|  0%| F|  |TAMS 0x0000000702500000, 0x0000000702500000| Untracked 
|  26|0x0000000702600000, 0x0000000702600000, 0x0000000702700000|  0%| F|  |TAMS 0x0000000702600000, 0x0000000702600000| Untracked 
|  27|0x0000000702700000, 0x0000000702700000, 0x0000000702800000|  0%| F|  |TAMS 0x0000000702700000, 0x0000000702700000| Untracked 
|  28|0x0000000702800000, 0x0000000702800000, 0x0000000702900000|  0%| F|  |TAMS 0x0000000702800000, 0x0000000702800000| Untracked 
|  29|0x0000000702900000, 0x0000000702900000, 0x0000000702a00000|  0%| F|  |TAMS 0x0000000702900000, 0x0000000702900000| Untracked 
|  30|0x0000000702a00000, 0x0000000702a00000, 0x0000000702b00000|  0%| F|  |TAMS 0x0000000702a00000, 0x0000000702a00000| Untracked 
|  31|0x0000000702b00000, 0x0000000702b00000, 0x0000000702c00000|  0%| F|  |TAMS 0x0000000702b00000, 0x0000000702b00000| Untracked 
|  32|0x0000000702c00000, 0x0000000702c00000, 0x0000000702d00000|  0%| F|  |TAMS 0x0000000702c00000, 0x0000000702c00000| Untracked 
|  33|0x0000000702d00000, 0x0000000702d00000, 0x0000000702e00000|  0%| F|  |TAMS 0x0000000702d00000, 0x0000000702d00000| Untracked 
|  34|0x0000000702e00000, 0x0000000702e00000, 0x0000000702f00000|  0%| F|  |TAMS 0x0000000702e00000, 0x0000000702e00000| Untracked 
|  35|0x0000000702f00000, 0x0000000702f00000, 0x0000000703000000|  0%| F|  |TAMS 0x0000000702f00000, 0x0000000702f00000| Untracked 
|  36|0x0000000703000000, 0x0000000703000000, 0x0000000703100000|  0%| F|  |TAMS 0x0000000703000000, 0x0000000703000000| Untracked 
|  37|0x0000000703100000, 0x0000000703100000, 0x0000000703200000|  0%| F|  |TAMS 0x0000000703100000, 0x0000000703100000| Untracked 
|  38|0x0000000703200000, 0x0000000703200000, 0x0000000703300000|  0%| F|  |TAMS 0x0000000703200000, 0x0000000703200000| Untracked 
|  39|0x0000000703300000, 0x0000000703300000, 0x0000000703400000|  0%| F|  |TAMS 0x0000000703300000, 0x0000000703300000| Untracked 
|  40|0x0000000703400000, 0x0000000703400000, 0x0000000703500000|  0%| F|  |TAMS 0x0000000703400000, 0x0000000703400000| Untracked 
|  41|0x0000000703500000, 0x0000000703500000, 0x0000000703600000|  0%| F|  |TAMS 0x0000000703500000, 0x0000000703500000| Untracked 
|  42|0x0000000703600000, 0x0000000703600000, 0x0000000703700000|  0%| F|  |TAMS 0x0000000703600000, 0x0000000703600000| Untracked 
|  43|0x0000000703700000, 0x0000000703700000, 0x0000000703800000|  0%| F|  |TAMS 0x0000000703700000, 0x0000000703700000| Untracked 
|  44|0x0000000703800000, 0x0000000703800000, 0x0000000703900000|  0%| F|  |TAMS 0x0000000703800000, 0x0000000703800000| Untracked 
|  45|0x0000000703900000, 0x0000000703900000, 0x0000000703a00000|  0%| F|  |TAMS 0x0000000703900000, 0x0000000703900000| Untracked 
|  46|0x0000000703a00000, 0x0000000703a00000, 0x0000000703b00000|  0%| F|  |TAMS 0x0000000703a00000, 0x0000000703a00000| Untracked 
|  47|0x0000000703b00000, 0x0000000703b00000, 0x0000000703c00000|  0%| F|  |TAMS 0x0000000703b00000, 0x0000000703b00000| Untracked 
|  48|0x0000000703c00000, 0x0000000703c00000, 0x0000000703d00000|  0%| F|  |TAMS 0x0000000703c00000, 0x0000000703c00000| Untracked 
|  49|0x0000000703d00000, 0x0000000703d00000, 0x0000000703e00000|  0%| F|  |TAMS 0x0000000703d00000, 0x0000000703d00000| Untracked 
|  50|0x0000000703e00000, 0x0000000703e00000, 0x0000000703f00000|  0%| F|  |TAMS 0x0000000703e00000, 0x0000000703e00000| Untracked 
|  51|0x0000000703f00000, 0x0000000703f00000, 0x0000000704000000|  0%| F|  |TAMS 0x0000000703f00000, 0x0000000703f00000| Untracked 
|  52|0x0000000704000000, 0x0000000704000000, 0x0000000704100000|  0%| F|  |TAMS 0x0000000704000000, 0x0000000704000000| Untracked 
|  53|0x0000000704100000, 0x0000000704100000, 0x0000000704200000|  0%| F|  |TAMS 0x0000000704100000, 0x0000000704100000| Untracked 
|  54|0x0000000704200000, 0x0000000704200000, 0x0000000704300000|  0%| F|  |TAMS 0x0000000704200000, 0x0000000704200000| Untracked 
|  55|0x0000000704300000, 0x0000000704300000, 0x0000000704400000|  0%| F|  |TAMS 0x0000000704300000, 0x0000000704300000| Untracked 
|  56|0x0000000704400000, 0x0000000704400000, 0x0000000704500000|  0%| F|  |TAMS 0x0000000704400000, 0x0000000704400000| Untracked 
|  57|0x0000000704500000, 0x0000000704500000, 0x0000000704600000|  0%| F|  |TAMS 0x0000000704500000, 0x0000000704500000| Untracked 
|  58|0x0000000704600000, 0x0000000704600000, 0x0000000704700000|  0%| F|  |TAMS 0x0000000704600000, 0x0000000704600000| Untracked 
|  59|0x0000000704700000, 0x0000000704700000, 0x0000000704800000|  0%| F|  |TAMS 0x0000000704700000, 0x0000000704700000| Untracked 
|  60|0x0000000704800000, 0x0000000704800000, 0x0000000704900000|  0%| F|  |TAMS 0x0000000704800000, 0x0000000704800000| Untracked 
|  61|0x0000000704900000, 0x0000000704900000, 0x0000000704a00000|  0%| F|  |TAMS 0x0000000704900000, 0x0000000704900000| Untracked 
|  62|0x0000000704a00000, 0x0000000704a00000, 0x0000000704b00000|  0%| F|  |TAMS 0x0000000704a00000, 0x0000000704a00000| Untracked 
|  63|0x0000000704b00000, 0x0000000704b00000, 0x0000000704c00000|  0%| F|  |TAMS 0x0000000704b00000, 0x0000000704b00000| Untracked 
|  64|0x0000000704c00000, 0x0000000704c00000, 0x0000000704d00000|  0%| F|  |TAMS 0x0000000704c00000, 0x0000000704c00000| Untracked 
|  65|0x0000000704d00000, 0x0000000704d00000, 0x0000000704e00000|  0%| F|  |TAMS 0x0000000704d00000, 0x0000000704d00000| Untracked 
|  66|0x0000000704e00000, 0x0000000704e00000, 0x0000000704f00000|  0%| F|  |TAMS 0x0000000704e00000, 0x0000000704e00000| Untracked 
|  67|0x0000000704f00000, 0x0000000704f00000, 0x0000000705000000|  0%| F|  |TAMS 0x0000000704f00000, 0x0000000704f00000| Untracked 
|  68|0x0000000705000000, 0x0000000705000000, 0x0000000705100000|  0%| F|  |TAMS 0x0000000705000000, 0x0000000705000000| Untracked 
|  69|0x0000000705100000, 0x0000000705100000, 0x0000000705200000|  0%| F|  |TAMS 0x0000000705100000, 0x0000000705100000| Untracked 
|  70|0x0000000705200000, 0x0000000705200000, 0x0000000705300000|  0%| F|  |TAMS 0x0000000705200000, 0x0000000705200000| Untracked 
|  71|0x0000000705300000, 0x0000000705300000, 0x0000000705400000|  0%| F|  |TAMS 0x0000000705300000, 0x0000000705300000| Untracked 
|  72|0x0000000705400000, 0x0000000705400000, 0x0000000705500000|  0%| F|  |TAMS 0x0000000705400000, 0x0000000705400000| Untracked 
|  73|0x0000000705500000, 0x0000000705500000, 0x0000000705600000|  0%| F|  |TAMS 0x0000000705500000, 0x0000000705500000| Untracked 
|  74|0x0000000705600000, 0x0000000705600000, 0x0000000705700000|  0%| F|  |TAMS 0x0000000705600000, 0x0000000705600000| Untracked 
|  75|0x0000000705700000, 0x0000000705700000, 0x0000000705800000|  0%| F|  |TAMS 0x0000000705700000, 0x0000000705700000| Untracked 
|  76|0x0000000705800000, 0x0000000705800000, 0x0000000705900000|  0%| F|  |TAMS 0x0000000705800000, 0x0000000705800000| Untracked 
|  77|0x0000000705900000, 0x0000000705900000, 0x0000000705a00000|  0%| F|  |TAMS 0x0000000705900000, 0x0000000705900000| Untracked 
|  78|0x0000000705a00000, 0x0000000705a00000, 0x0000000705b00000|  0%| F|  |TAMS 0x0000000705a00000, 0x0000000705a00000| Untracked 
|  79|0x0000000705b00000, 0x0000000705b00000, 0x0000000705c00000|  0%| F|  |TAMS 0x0000000705b00000, 0x0000000705b00000| Untracked 
|  80|0x0000000705c00000, 0x0000000705c00000, 0x0000000705d00000|  0%| F|  |TAMS 0x0000000705c00000, 0x0000000705c00000| Untracked 
|  81|0x0000000705d00000, 0x0000000705d00000, 0x0000000705e00000|  0%| F|  |TAMS 0x0000000705d00000, 0x0000000705d00000| Untracked 
|  82|0x0000000705e00000, 0x0000000705e00000, 0x0000000705f00000|  0%| F|  |TAMS 0x0000000705e00000, 0x0000000705e00000| Untracked 
|  83|0x0000000705f00000, 0x0000000705f00000, 0x0000000706000000|  0%| F|  |TAMS 0x0000000705f00000, 0x0000000705f00000| Untracked 
|  84|0x0000000706000000, 0x0000000706000000, 0x0000000706100000|  0%| F|  |TAMS 0x0000000706000000, 0x0000000706000000| Untracked 
|  85|0x0000000706100000, 0x0000000706100000, 0x0000000706200000|  0%| F|  |TAMS 0x0000000706100000, 0x0000000706100000| Untracked 
|  86|0x0000000706200000, 0x0000000706200000, 0x0000000706300000|  0%| F|  |TAMS 0x0000000706200000, 0x0000000706200000| Untracked 
|  87|0x0000000706300000, 0x0000000706300000, 0x0000000706400000|  0%| F|  |TAMS 0x0000000706300000, 0x0000000706300000| Untracked 
|  88|0x0000000706400000, 0x0000000706400000, 0x0000000706500000|  0%| F|  |TAMS 0x0000000706400000, 0x0000000706400000| Untracked 
|  89|0x0000000706500000, 0x0000000706500000, 0x0000000706600000|  0%| F|  |TAMS 0x0000000706500000, 0x0000000706500000| Untracked 
|  90|0x0000000706600000, 0x0000000706600000, 0x0000000706700000|  0%| F|  |TAMS 0x0000000706600000, 0x0000000706600000| Untracked 
|  91|0x0000000706700000, 0x0000000706700000, 0x0000000706800000|  0%| F|  |TAMS 0x0000000706700000, 0x0000000706700000| Untracked 
|  92|0x0000000706800000, 0x0000000706800000, 0x0000000706900000|  0%| F|  |TAMS 0x0000000706800000, 0x0000000706800000| Untracked 
|  93|0x0000000706900000, 0x0000000706900000, 0x0000000706a00000|  0%| F|  |TAMS 0x0000000706900000, 0x0000000706900000| Untracked 
|  94|0x0000000706a00000, 0x0000000706a00000, 0x0000000706b00000|  0%| F|  |TAMS 0x0000000706a00000, 0x0000000706a00000| Untracked 
|  95|0x0000000706b00000, 0x0000000706b00000, 0x0000000706c00000|  0%| F|  |TAMS 0x0000000706b00000, 0x0000000706b00000| Untracked 
|  96|0x0000000706c00000, 0x0000000706c00000, 0x0000000706d00000|  0%| F|  |TAMS 0x0000000706c00000, 0x0000000706c00000| Untracked 
|  97|0x0000000706d00000, 0x0000000706d00000, 0x0000000706e00000|  0%| F|  |TAMS 0x0000000706d00000, 0x0000000706d00000| Untracked 
|  98|0x0000000706e00000, 0x0000000706e00000, 0x0000000706f00000|  0%| F|  |TAMS 0x0000000706e00000, 0x0000000706e00000| Untracked 
|  99|0x0000000706f00000, 0x0000000706f00000, 0x0000000707000000|  0%| F|  |TAMS 0x0000000706f00000, 0x0000000706f00000| Untracked 
| 100|0x0000000707000000, 0x0000000707000000, 0x0000000707100000|  0%| F|  |TAMS 0x0000000707000000, 0x0000000707000000| Untracked 
| 101|0x0000000707100000, 0x0000000707100000, 0x0000000707200000|  0%| F|  |TAMS 0x0000000707100000, 0x0000000707100000| Untracked 
| 102|0x0000000707200000, 0x0000000707200000, 0x0000000707300000|  0%| F|  |TAMS 0x0000000707200000, 0x0000000707200000| Untracked 
| 103|0x0000000707300000, 0x0000000707300000, 0x0000000707400000|  0%| F|  |TAMS 0x0000000707300000, 0x0000000707300000| Untracked 
| 104|0x0000000707400000, 0x0000000707400000, 0x0000000707500000|  0%| F|  |TAMS 0x0000000707400000, 0x0000000707400000| Untracked 
| 105|0x0000000707500000, 0x0000000707500000, 0x0000000707600000|  0%| F|  |TAMS 0x0000000707500000, 0x0000000707500000| Untracked 
| 106|0x0000000707600000, 0x0000000707600000, 0x0000000707700000|  0%| F|  |TAMS 0x0000000707600000, 0x0000000707600000| Untracked 
| 107|0x0000000707700000, 0x0000000707700000, 0x0000000707800000|  0%| F|  |TAMS 0x0000000707700000, 0x0000000707700000| Untracked 
| 108|0x0000000707800000, 0x0000000707800000, 0x0000000707900000|  0%| F|  |TAMS 0x0000000707800000, 0x0000000707800000| Untracked 
| 109|0x0000000707900000, 0x0000000707900000, 0x0000000707a00000|  0%| F|  |TAMS 0x0000000707900000, 0x0000000707900000| Untracked 
| 110|0x0000000707a00000, 0x0000000707a00000, 0x0000000707b00000|  0%| F|  |TAMS 0x0000000707a00000, 0x0000000707a00000| Untracked 
| 111|0x0000000707b00000, 0x0000000707b00000, 0x0000000707c00000|  0%| F|  |TAMS 0x0000000707b00000, 0x0000000707b00000| Untracked 
| 112|0x0000000707c00000, 0x0000000707c00000, 0x0000000707d00000|  0%| F|  |TAMS 0x0000000707c00000, 0x0000000707c00000| Untracked 
| 113|0x0000000707d00000, 0x0000000707d00000, 0x0000000707e00000|  0%| F|  |TAMS 0x0000000707d00000, 0x0000000707d00000| Untracked 
| 114|0x0000000707e00000, 0x0000000707e00000, 0x0000000707f00000|  0%| F|  |TAMS 0x0000000707e00000, 0x0000000707e00000| Untracked 
| 115|0x0000000707f00000, 0x0000000707f00000, 0x0000000708000000|  0%| F|  |TAMS 0x0000000707f00000, 0x0000000707f00000| Untracked 
| 116|0x0000000708000000, 0x0000000708000000, 0x0000000708100000|  0%| F|  |TAMS 0x0000000708000000, 0x0000000708000000| Untracked 
| 117|0x0000000708100000, 0x0000000708100000, 0x0000000708200000|  0%| F|  |TAMS 0x0000000708100000, 0x0000000708100000| Untracked 
| 118|0x0000000708200000, 0x0000000708200000, 0x0000000708300000|  0%| F|  |TAMS 0x0000000708200000, 0x0000000708200000| Untracked 
| 119|0x0000000708300000, 0x0000000708300000, 0x0000000708400000|  0%| F|  |TAMS 0x0000000708300000, 0x0000000708300000| Untracked 
| 120|0x0000000708400000, 0x0000000708400000, 0x0000000708500000|  0%| F|  |TAMS 0x0000000708400000, 0x0000000708400000| Untracked 
| 121|0x0000000708500000, 0x0000000708500000, 0x0000000708600000|  0%| F|  |TAMS 0x0000000708500000, 0x0000000708500000| Untracked 
| 122|0x0000000708600000, 0x0000000708600000, 0x0000000708700000|  0%| F|  |TAMS 0x0000000708600000, 0x0000000708600000| Untracked 
| 123|0x0000000708700000, 0x0000000708700000, 0x0000000708800000|  0%| F|  |TAMS 0x0000000708700000, 0x0000000708700000| Untracked 
| 124|0x0000000708800000, 0x0000000708800000, 0x0000000708900000|  0%| F|  |TAMS 0x0000000708800000, 0x0000000708800000| Untracked 
| 125|0x0000000708900000, 0x0000000708900000, 0x0000000708a00000|  0%| F|  |TAMS 0x0000000708900000, 0x0000000708900000| Untracked 
| 126|0x0000000708a00000, 0x0000000708a00000, 0x0000000708b00000|  0%| F|  |TAMS 0x0000000708a00000, 0x0000000708a00000| Untracked 
| 127|0x0000000708b00000, 0x0000000708b00000, 0x0000000708c00000|  0%| F|  |TAMS 0x0000000708b00000, 0x0000000708b00000| Untracked 
| 128|0x0000000708c00000, 0x0000000708c00000, 0x0000000708d00000|  0%| F|  |TAMS 0x0000000708c00000, 0x0000000708c00000| Untracked 
| 129|0x0000000708d00000, 0x0000000708d00000, 0x0000000708e00000|  0%| F|  |TAMS 0x0000000708d00000, 0x0000000708d00000| Untracked 
| 130|0x0000000708e00000, 0x0000000708e00000, 0x0000000708f00000|  0%| F|  |TAMS 0x0000000708e00000, 0x0000000708e00000| Untracked 
| 131|0x0000000708f00000, 0x0000000708f00000, 0x0000000709000000|  0%| F|  |TAMS 0x0000000708f00000, 0x0000000708f00000| Untracked 
| 132|0x0000000709000000, 0x0000000709000000, 0x0000000709100000|  0%| F|  |TAMS 0x0000000709000000, 0x0000000709000000| Untracked 
| 133|0x0000000709100000, 0x0000000709100000, 0x0000000709200000|  0%| F|  |TAMS 0x0000000709100000, 0x0000000709100000| Untracked 
| 134|0x0000000709200000, 0x0000000709200000, 0x0000000709300000|  0%| F|  |TAMS 0x0000000709200000, 0x0000000709200000| Untracked 
| 135|0x0000000709300000, 0x0000000709300000, 0x0000000709400000|  0%| F|  |TAMS 0x0000000709300000, 0x0000000709300000| Untracked 
| 136|0x0000000709400000, 0x0000000709400000, 0x0000000709500000|  0%| F|  |TAMS 0x0000000709400000, 0x0000000709400000| Untracked 
| 137|0x0000000709500000, 0x0000000709500000, 0x0000000709600000|  0%| F|  |TAMS 0x0000000709500000, 0x0000000709500000| Untracked 
| 138|0x0000000709600000, 0x0000000709600000, 0x0000000709700000|  0%| F|  |TAMS 0x0000000709600000, 0x0000000709600000| Untracked 
| 139|0x0000000709700000, 0x0000000709700000, 0x0000000709800000|  0%| F|  |TAMS 0x0000000709700000, 0x0000000709700000| Untracked 
| 140|0x0000000709800000, 0x0000000709800000, 0x0000000709900000|  0%| F|  |TAMS 0x0000000709800000, 0x0000000709800000| Untracked 
| 141|0x0000000709900000, 0x0000000709900000, 0x0000000709a00000|  0%| F|  |TAMS 0x0000000709900000, 0x0000000709900000| Untracked 
| 142|0x0000000709a00000, 0x0000000709a00000, 0x0000000709b00000|  0%| F|  |TAMS 0x0000000709a00000, 0x0000000709a00000| Untracked 
| 143|0x0000000709b00000, 0x0000000709b00000, 0x0000000709c00000|  0%| F|  |TAMS 0x0000000709b00000, 0x0000000709b00000| Untracked 
| 144|0x0000000709c00000, 0x0000000709c00000, 0x0000000709d00000|  0%| F|  |TAMS 0x0000000709c00000, 0x0000000709c00000| Untracked 
| 145|0x0000000709d00000, 0x0000000709d00000, 0x0000000709e00000|  0%| F|  |TAMS 0x0000000709d00000, 0x0000000709d00000| Untracked 
| 146|0x0000000709e00000, 0x0000000709e00000, 0x0000000709f00000|  0%| F|  |TAMS 0x0000000709e00000, 0x0000000709e00000| Untracked 
| 147|0x0000000709f00000, 0x0000000709f00000, 0x000000070a000000|  0%| F|  |TAMS 0x0000000709f00000, 0x0000000709f00000| Untracked 
| 148|0x000000070a000000, 0x000000070a000000, 0x000000070a100000|  0%| F|  |TAMS 0x000000070a000000, 0x000000070a000000| Untracked 
| 149|0x000000070a100000, 0x000000070a100000, 0x000000070a200000|  0%| F|  |TAMS 0x000000070a100000, 0x000000070a100000| Untracked 
| 150|0x000000070a200000, 0x000000070a200000, 0x000000070a300000|  0%| F|  |TAMS 0x000000070a200000, 0x000000070a200000| Untracked 
| 151|0x000000070a300000, 0x000000070a300000, 0x000000070a400000|  0%| F|  |TAMS 0x000000070a300000, 0x000000070a300000| Untracked 
| 152|0x000000070a400000, 0x000000070a400000, 0x000000070a500000|  0%| F|  |TAMS 0x000000070a400000, 0x000000070a400000| Untracked 
| 153|0x000000070a500000, 0x000000070a500000, 0x000000070a600000|  0%| F|  |TAMS 0x000000070a500000, 0x000000070a500000| Untracked 
| 154|0x000000070a600000, 0x000000070a600000, 0x000000070a700000|  0%| F|  |TAMS 0x000000070a600000, 0x000000070a600000| Untracked 
| 155|0x000000070a700000, 0x000000070a700000, 0x000000070a800000|  0%| F|  |TAMS 0x000000070a700000, 0x000000070a700000| Untracked 
| 156|0x000000070a800000, 0x000000070a800000, 0x000000070a900000|  0%| F|  |TAMS 0x000000070a800000, 0x000000070a800000| Untracked 
| 157|0x000000070a900000, 0x000000070a900000, 0x000000070aa00000|  0%| F|  |TAMS 0x000000070a900000, 0x000000070a900000| Untracked 
| 158|0x000000070aa00000, 0x000000070aa00000, 0x000000070ab00000|  0%| F|  |TAMS 0x000000070aa00000, 0x000000070aa00000| Untracked 
| 159|0x000000070ab00000, 0x000000070ab00000, 0x000000070ac00000|  0%| F|  |TAMS 0x000000070ab00000, 0x000000070ab00000| Untracked 
| 160|0x000000070ac00000, 0x000000070ac00000, 0x000000070ad00000|  0%| F|  |TAMS 0x000000070ac00000, 0x000000070ac00000| Untracked 
| 161|0x000000070ad00000, 0x000000070ad00000, 0x000000070ae00000|  0%| F|  |TAMS 0x000000070ad00000, 0x000000070ad00000| Untracked 
| 162|0x000000070ae00000, 0x000000070ae00000, 0x000000070af00000|  0%| F|  |TAMS 0x000000070ae00000, 0x000000070ae00000| Untracked 
| 163|0x000000070af00000, 0x000000070af00000, 0x000000070b000000|  0%| F|  |TAMS 0x000000070af00000, 0x000000070af00000| Untracked 
| 164|0x000000070b000000, 0x000000070b000000, 0x000000070b100000|  0%| F|  |TAMS 0x000000070b000000, 0x000000070b000000| Untracked 
| 165|0x000000070b100000, 0x000000070b100000, 0x000000070b200000|  0%| F|  |TAMS 0x000000070b100000, 0x000000070b100000| Untracked 
| 166|0x000000070b200000, 0x000000070b200000, 0x000000070b300000|  0%| F|  |TAMS 0x000000070b200000, 0x000000070b200000| Untracked 
| 167|0x000000070b300000, 0x000000070b300000, 0x000000070b400000|  0%| F|  |TAMS 0x000000070b300000, 0x000000070b300000| Untracked 
| 168|0x000000070b400000, 0x000000070b400000, 0x000000070b500000|  0%| F|  |TAMS 0x000000070b400000, 0x000000070b400000| Untracked 
| 169|0x000000070b500000, 0x000000070b500000, 0x000000070b600000|  0%| F|  |TAMS 0x000000070b500000, 0x000000070b500000| Untracked 
| 170|0x000000070b600000, 0x000000070b600000, 0x000000070b700000|  0%| F|  |TAMS 0x000000070b600000, 0x000000070b600000| Untracked 
| 171|0x000000070b700000, 0x000000070b700000, 0x000000070b800000|  0%| F|  |TAMS 0x000000070b700000, 0x000000070b700000| Untracked 
| 172|0x000000070b800000, 0x000000070b800000, 0x000000070b900000|  0%| F|  |TAMS 0x000000070b800000, 0x000000070b800000| Untracked 
| 173|0x000000070b900000, 0x000000070b900000, 0x000000070ba00000|  0%| F|  |TAMS 0x000000070b900000, 0x000000070b900000| Untracked 
| 174|0x000000070ba00000, 0x000000070ba00000, 0x000000070bb00000|  0%| F|  |TAMS 0x000000070ba00000, 0x000000070ba00000| Untracked 
| 175|0x000000070bb00000, 0x000000070bb00000, 0x000000070bc00000|  0%| F|  |TAMS 0x000000070bb00000, 0x000000070bb00000| Untracked 
| 176|0x000000070bc00000, 0x000000070bc00000, 0x000000070bd00000|  0%| F|  |TAMS 0x000000070bc00000, 0x000000070bc00000| Untracked 
| 177|0x000000070bd00000, 0x000000070bd00000, 0x000000070be00000|  0%| F|  |TAMS 0x000000070bd00000, 0x000000070bd00000| Untracked 
| 178|0x000000070be00000, 0x000000070be00000, 0x000000070bf00000|  0%| F|  |TAMS 0x000000070be00000, 0x000000070be00000| Untracked 
| 179|0x000000070bf00000, 0x000000070bf00000, 0x000000070c000000|  0%| F|  |TAMS 0x000000070bf00000, 0x000000070bf00000| Untracked 
| 180|0x000000070c000000, 0x000000070c000000, 0x000000070c100000|  0%| F|  |TAMS 0x000000070c000000, 0x000000070c000000| Untracked 
| 181|0x000000070c100000, 0x000000070c100000, 0x000000070c200000|  0%| F|  |TAMS 0x000000070c100000, 0x000000070c100000| Untracked 
| 182|0x000000070c200000, 0x000000070c200000, 0x000000070c300000|  0%| F|  |TAMS 0x000000070c200000, 0x000000070c200000| Untracked 
| 183|0x000000070c300000, 0x000000070c300000, 0x000000070c400000|  0%| F|  |TAMS 0x000000070c300000, 0x000000070c300000| Untracked 
| 184|0x000000070c400000, 0x000000070c400000, 0x000000070c500000|  0%| F|  |TAMS 0x000000070c400000, 0x000000070c400000| Untracked 
| 185|0x000000070c500000, 0x000000070c500000, 0x000000070c600000|  0%| F|  |TAMS 0x000000070c500000, 0x000000070c500000| Untracked 
| 186|0x000000070c600000, 0x000000070c600000, 0x000000070c700000|  0%| F|  |TAMS 0x000000070c600000, 0x000000070c600000| Untracked 
| 187|0x000000070c700000, 0x000000070c700000, 0x000000070c800000|  0%| F|  |TAMS 0x000000070c700000, 0x000000070c700000| Untracked 
| 188|0x000000070c800000, 0x000000070c800000, 0x000000070c900000|  0%| F|  |TAMS 0x000000070c800000, 0x000000070c800000| Untracked 
| 189|0x000000070c900000, 0x000000070c900000, 0x000000070ca00000|  0%| F|  |TAMS 0x000000070c900000, 0x000000070c900000| Untracked 
| 190|0x000000070ca00000, 0x000000070ca00000, 0x000000070cb00000|  0%| F|  |TAMS 0x000000070ca00000, 0x000000070ca00000| Untracked 
| 191|0x000000070cb00000, 0x000000070cb00000, 0x000000070cc00000|  0%| F|  |TAMS 0x000000070cb00000, 0x000000070cb00000| Untracked 
| 192|0x000000070cc00000, 0x000000070cc00000, 0x000000070cd00000|  0%| F|  |TAMS 0x000000070cc00000, 0x000000070cc00000| Untracked 
| 193|0x000000070cd00000, 0x000000070cd00000, 0x000000070ce00000|  0%| F|  |TAMS 0x000000070cd00000, 0x000000070cd00000| Untracked 
| 194|0x000000070ce00000, 0x000000070ce00000, 0x000000070cf00000|  0%| F|  |TAMS 0x000000070ce00000, 0x000000070ce00000| Untracked 
| 195|0x000000070cf00000, 0x000000070cf00000, 0x000000070d000000|  0%| F|  |TAMS 0x000000070cf00000, 0x000000070cf00000| Untracked 
| 196|0x000000070d000000, 0x000000070d000000, 0x000000070d100000|  0%| F|  |TAMS 0x000000070d000000, 0x000000070d000000| Untracked 
| 197|0x000000070d100000, 0x000000070d100000, 0x000000070d200000|  0%| F|  |TAMS 0x000000070d100000, 0x000000070d100000| Untracked 
| 198|0x000000070d200000, 0x000000070d200000, 0x000000070d300000|  0%| F|  |TAMS 0x000000070d200000, 0x000000070d200000| Untracked 
| 199|0x000000070d300000, 0x000000070d300000, 0x000000070d400000|  0%| F|  |TAMS 0x000000070d300000, 0x000000070d300000| Untracked 
| 200|0x000000070d400000, 0x000000070d400000, 0x000000070d500000|  0%| F|  |TAMS 0x000000070d400000, 0x000000070d400000| Untracked 
| 201|0x000000070d500000, 0x000000070d500000, 0x000000070d600000|  0%| F|  |TAMS 0x000000070d500000, 0x000000070d500000| Untracked 
| 202|0x000000070d600000, 0x000000070d600000, 0x000000070d700000|  0%| F|  |TAMS 0x000000070d600000, 0x000000070d600000| Untracked 
| 203|0x000000070d700000, 0x000000070d700000, 0x000000070d800000|  0%| F|  |TAMS 0x000000070d700000, 0x000000070d700000| Untracked 
| 204|0x000000070d800000, 0x000000070d800000, 0x000000070d900000|  0%| F|  |TAMS 0x000000070d800000, 0x000000070d800000| Untracked 
| 205|0x000000070d900000, 0x000000070d900000, 0x000000070da00000|  0%| F|  |TAMS 0x000000070d900000, 0x000000070d900000| Untracked 
| 206|0x000000070da00000, 0x000000070da00000, 0x000000070db00000|  0%| F|  |TAMS 0x000000070da00000, 0x000000070da00000| Untracked 
| 207|0x000000070db00000, 0x000000070db00000, 0x000000070dc00000|  0%| F|  |TAMS 0x000000070db00000, 0x000000070db00000| Untracked 
| 208|0x000000070dc00000, 0x000000070dc00000, 0x000000070dd00000|  0%| F|  |TAMS 0x000000070dc00000, 0x000000070dc00000| Untracked 
| 209|0x000000070dd00000, 0x000000070dd00000, 0x000000070de00000|  0%| F|  |TAMS 0x000000070dd00000, 0x000000070dd00000| Untracked 
| 210|0x000000070de00000, 0x000000070de00000, 0x000000070df00000|  0%| F|  |TAMS 0x000000070de00000, 0x000000070de00000| Untracked 
| 211|0x000000070df00000, 0x000000070df00000, 0x000000070e000000|  0%| F|  |TAMS 0x000000070df00000, 0x000000070df00000| Untracked 
| 212|0x000000070e000000, 0x000000070e000000, 0x000000070e100000|  0%| F|  |TAMS 0x000000070e000000, 0x000000070e000000| Untracked 
| 213|0x000000070e100000, 0x000000070e100000, 0x000000070e200000|  0%| F|  |TAMS 0x000000070e100000, 0x000000070e100000| Untracked 
| 214|0x000000070e200000, 0x000000070e200000, 0x000000070e300000|  0%| F|  |TAMS 0x000000070e200000, 0x000000070e200000| Untracked 
| 215|0x000000070e300000, 0x000000070e300000, 0x000000070e400000|  0%| F|  |TAMS 0x000000070e300000, 0x000000070e300000| Untracked 
| 216|0x000000070e400000, 0x000000070e400000, 0x000000070e500000|  0%| F|  |TAMS 0x000000070e400000, 0x000000070e400000| Untracked 
| 217|0x000000070e500000, 0x000000070e500000, 0x000000070e600000|  0%| F|  |TAMS 0x000000070e500000, 0x000000070e500000| Untracked 
| 218|0x000000070e600000, 0x000000070e600000, 0x000000070e700000|  0%| F|  |TAMS 0x000000070e600000, 0x000000070e600000| Untracked 
| 219|0x000000070e700000, 0x000000070e700000, 0x000000070e800000|  0%| F|  |TAMS 0x000000070e700000, 0x000000070e700000| Untracked 
| 220|0x000000070e800000, 0x000000070e800000, 0x000000070e900000|  0%| F|  |TAMS 0x000000070e800000, 0x000000070e800000| Untracked 
| 221|0x000000070e900000, 0x000000070e900000, 0x000000070ea00000|  0%| F|  |TAMS 0x000000070e900000, 0x000000070e900000| Untracked 
| 222|0x000000070ea00000, 0x000000070ea00000, 0x000000070eb00000|  0%| F|  |TAMS 0x000000070ea00000, 0x000000070ea00000| Untracked 
| 223|0x000000070eb00000, 0x000000070eb00000, 0x000000070ec00000|  0%| F|  |TAMS 0x000000070eb00000, 0x000000070eb00000| Untracked 
| 224|0x000000070ec00000, 0x000000070ec00000, 0x000000070ed00000|  0%| F|  |TAMS 0x000000070ec00000, 0x000000070ec00000| Untracked 
| 225|0x000000070ed00000, 0x000000070ed00000, 0x000000070ee00000|  0%| F|  |TAMS 0x000000070ed00000, 0x000000070ed00000| Untracked 
| 226|0x000000070ee00000, 0x000000070ee00000, 0x000000070ef00000|  0%| F|  |TAMS 0x000000070ee00000, 0x000000070ee00000| Untracked 
| 227|0x000000070ef00000, 0x000000070ef00000, 0x000000070f000000|  0%| F|  |TAMS 0x000000070ef00000, 0x000000070ef00000| Untracked 
| 228|0x000000070f000000, 0x000000070f000000, 0x000000070f100000|  0%| F|  |TAMS 0x000000070f000000, 0x000000070f000000| Untracked 
| 229|0x000000070f100000, 0x000000070f200000, 0x000000070f200000|100%| S|CS|TAMS 0x000000070f100000, 0x000000070f100000| Complete 
| 230|0x000000070f200000, 0x000000070f300000, 0x000000070f300000|100%| S|CS|TAMS 0x000000070f200000, 0x000000070f200000| Complete 
| 231|0x000000070f300000, 0x000000070f400000, 0x000000070f400000|100%| S|CS|TAMS 0x000000070f300000, 0x000000070f300000| Complete 
| 232|0x000000070f400000, 0x000000070f400000, 0x000000070f500000|  0%| F|  |TAMS 0x000000070f400000, 0x000000070f400000| Untracked 
| 233|0x000000070f500000, 0x000000070f500000, 0x000000070f600000|  0%| F|  |TAMS 0x000000070f500000, 0x000000070f500000| Untracked 
| 234|0x000000070f600000, 0x000000070f600000, 0x000000070f700000|  0%| F|  |TAMS 0x000000070f600000, 0x000000070f600000| Untracked 
| 235|0x000000070f700000, 0x000000070f700000, 0x000000070f800000|  0%| F|  |TAMS 0x000000070f700000, 0x000000070f700000| Untracked 
| 236|0x000000070f800000, 0x000000070f800000, 0x000000070f900000|  0%| F|  |TAMS 0x000000070f800000, 0x000000070f800000| Untracked 
| 237|0x000000070f900000, 0x000000070f900000, 0x000000070fa00000|  0%| F|  |TAMS 0x000000070f900000, 0x000000070f900000| Untracked 
| 238|0x000000070fa00000, 0x000000070fa00000, 0x000000070fb00000|  0%| F|  |TAMS 0x000000070fa00000, 0x000000070fa00000| Untracked 
| 239|0x000000070fb00000, 0x000000070fb00000, 0x000000070fc00000|  0%| F|  |TAMS 0x000000070fb00000, 0x000000070fb00000| Untracked 
| 240|0x000000070fc00000, 0x000000070fc00000, 0x000000070fd00000|  0%| F|  |TAMS 0x000000070fc00000, 0x000000070fc00000| Untracked 
| 241|0x000000070fd00000, 0x000000070fd00000, 0x000000070fe00000|  0%| F|  |TAMS 0x000000070fd00000, 0x000000070fd00000| Untracked 
| 242|0x000000070fe00000, 0x000000070fe00000, 0x000000070ff00000|  0%| F|  |TAMS 0x000000070fe00000, 0x000000070fe00000| Untracked 
| 243|0x000000070ff00000, 0x000000070ff00000, 0x0000000710000000|  0%| F|  |TAMS 0x000000070ff00000, 0x000000070ff00000| Untracked 
| 244|0x0000000710000000, 0x0000000710000000, 0x0000000710100000|  0%| F|  |TAMS 0x0000000710000000, 0x0000000710000000| Untracked 
| 245|0x0000000710100000, 0x0000000710100000, 0x0000000710200000|  0%| F|  |TAMS 0x0000000710100000, 0x0000000710100000| Untracked 
| 246|0x0000000710200000, 0x0000000710200000, 0x0000000710300000|  0%| F|  |TAMS 0x0000000710200000, 0x0000000710200000| Untracked 
| 247|0x0000000710300000, 0x0000000710300000, 0x0000000710400000|  0%| F|  |TAMS 0x0000000710300000, 0x0000000710300000| Untracked 
| 248|0x0000000710400000, 0x0000000710400000, 0x0000000710500000|  0%| F|  |TAMS 0x0000000710400000, 0x0000000710400000| Untracked 
| 249|0x0000000710500000, 0x0000000710580800, 0x0000000710600000| 50%| E|  |TAMS 0x0000000710500000, 0x0000000710500000| Complete 
| 250|0x0000000710600000, 0x0000000710700000, 0x0000000710700000|100%| E|CS|TAMS 0x0000000710600000, 0x0000000710600000| Complete 
| 251|0x0000000710700000, 0x0000000710800000, 0x0000000710800000|100%| E|CS|TAMS 0x0000000710700000, 0x0000000710700000| Complete 
| 252|0x0000000710800000, 0x0000000710900000, 0x0000000710900000|100%| E|CS|TAMS 0x0000000710800000, 0x0000000710800000| Complete 
| 253|0x0000000710900000, 0x0000000710a00000, 0x0000000710a00000|100%| E|CS|TAMS 0x0000000710900000, 0x0000000710900000| Complete 
| 254|0x0000000710a00000, 0x0000000710b00000, 0x0000000710b00000|100%| E|CS|TAMS 0x0000000710a00000, 0x0000000710a00000| Complete 
| 255|0x0000000710b00000, 0x0000000710c00000, 0x0000000710c00000|100%| E|CS|TAMS 0x0000000710b00000, 0x0000000710b00000| Complete 

Card table byte_map: [0x00000044fd610000,0x00000044fde10000] _byte_map_base: 0x00000044f9e0a000

Marking Bits (Prev, Next): (CMBitMap*) 0x00000044f4343d38, (CMBitMap*) 0x00000044f4343d78
 Prev Bits: [0x000000448f000000, 0x0000004492fd0000)
 Next Bits: [0x0000004492fd0000, 0x0000004496fa0000)

Polling page: 0x00000044f3a80000

Metaspace:

Usage:
  Non-class:     14.44 MB capacity,    14.24 MB ( 99%) used,   174.93 KB (  1%) free+waste,    27.56 KB ( <1%) overhead. 
      Class:      1.46 MB capacity,     1.32 MB ( 90%) used,   129.68 KB (  9%) free+waste,    13.94 KB ( <1%) overhead. 
       Both:     15.89 MB capacity,    15.56 MB ( 98%) used,   304.61 KB (  2%) free+waste,    41.50 KB ( <1%) overhead. 

Virtual space:
  Non-class space:       16.00 MB reserved,      14.75 MB ( 92%) committed 
      Class space:        1.00 GB reserved,       1.50 MB ( <1%) committed 
             Both:        1.02 GB reserved,      16.25 MB (  2%) committed 

Chunk freelists:
   Non-Class:  130.00 KB
       Class:  10.00 KB
        Both:  140.00 KB

MaxMetaspaceSize: 17179869184.00 GB
CompressedClassSpaceSize: 1.00 GB

CodeHeap 'non-profiled nmethods': size=120000Kb used=381Kb max_used=381Kb free=119618Kb
 bounds [0x0000004487ad0000, 0x0000004487d40000, 0x000000448f000000]
CodeHeap 'profiled nmethods': size=120000Kb used=2178Kb max_used=2178Kb free=117821Kb
 bounds [0x00000044805a0000, 0x0000004480810000, 0x0000004487ad0000]
CodeHeap 'non-nmethods': size=5760Kb used=1618Kb max_used=1629Kb free=4141Kb
 bounds [0x0000004480000000, 0x0000004480270000, 0x00000044805a0000]
 total_blobs=2699 nmethods=1190 adapters=916
 compilation: enabled
              stopped_count=0, restarted_count=0
 full_count=0

Compilation events (20 events):
Event: 1.841 Thread 0x00000044ff988800 nmethod 1179 0x00000044807bd790 code [0x00000044807bd920, 0x00000044807bdab8]
Event: 1.841 Thread 0x00000044ff986000 nmethod 1181 0x0000004487b2e790 code [0x0000004487b2e920, 0x0000004487b2e9b8]
Event: 1.855 Thread 0x00000044ff988800 1182       1       java.util.concurrent.locks.AbstractQueuedSynchronizer::getState (5 bytes)
Event: 1.855 Thread 0x00000044ff988800 nmethod 1182 0x0000004487b2ea90 code [0x0000004487b2ec20, 0x0000004487b2ed58]
Event: 1.858 Thread 0x00000044ff988800 1183       1       java.awt.AWTEvent::getID (5 bytes)
Event: 1.858 Thread 0x00000044ff988800 nmethod 1183 0x0000004487b2ee10 code [0x0000004487b2efa0, 0x0000004487b2f0d8]
Event: 1.858 Thread 0x00000044ff988800 1184       1       java.awt.Color::getRGB (5 bytes)
Event: 1.858 Thread 0x00000044ff988800 nmethod 1184 0x0000004487b2f190 code [0x0000004487b2f320, 0x0000004487b2f458]
Event: 1.858 Thread 0x00000044ff988800 1185       3       jdk.internal.logger.LazyLoggers$LazyLoggerWrapper::platformProxy (10 bytes)
Event: 1.858 Thread 0x00000044ff988800 nmethod 1185 0x00000044807bdb90 code [0x00000044807bdd40, 0x00000044807bdf50]
Event: 1.858 Thread 0x00000044ff988800 1186   !   3       jdk.internal.logger.LazyLoggers$LazyLoggerAccessor::platform (103 bytes)
Event: 1.859 Thread 0x00000044ff988800 nmethod 1186 0x00000044807be010 code [0x00000044807be260, 0x00000044807bf1d0]
Event: 1.859 Thread 0x00000044ff988800 1187       3       jdk.internal.logger.SimpleConsoleLogger::isLoggable (29 bytes)
Event: 1.859 Thread 0x00000044ff988800 nmethod 1187 0x00000044807bf510 code [0x00000044807bf6e0, 0x00000044807bfad0]
Event: 1.859 Thread 0x00000044ff988800 1188       3       jdk.internal.logger.SimpleConsoleLogger::effectiveLevel (17 bytes)
Event: 1.859 Thread 0x00000044ff988800 nmethod 1188 0x00000044807bfc10 code [0x00000044807bfdc0, 0x00000044807c0070]
Event: 1.859 Thread 0x00000044ff988800 1189       3       jdk.internal.logger.SurrogateLogger::defaultPlatformLevel (4 bytes)
Event: 1.859 Thread 0x00000044ff988800 nmethod 1189 0x00000044807c0110 code [0x00000044807c02c0, 0x00000044807c0458]
Event: 1.860 Thread 0x00000044ff988800 1190       3       sun.net.www.ParseUtil::match (50 bytes)
Event: 1.860 Thread 0x00000044ff988800 nmethod 1190 0x00000044807c0510 code [0x00000044807c06c0, 0x00000044807c0998]

GC Heap History (2 events):
Event: 1.468 GC heap before
{Heap before GC invocations=0 (full 0):
 garbage-first heap   total 262144K, used 24576K [0x0000000700c00000, 0x0000000800000000)
  region size 1024K, 24 young (24576K), 0 survivors (0K)
 Metaspace       used 11559K, capacity 11823K, committed 12160K, reserved 1060864K
  class space    used 1008K, capacity 1117K, committed 1152K, reserved 1048576K
}
Event: 1.481 GC heap after
{Heap after GC invocations=1 (full 0):
 garbage-first heap   total 262144K, used 3870K [0x0000000700c00000, 0x0000000800000000)
  region size 1024K, 3 young (3072K), 3 survivors (3072K)
 Metaspace       used 11559K, capacity 11823K, committed 12160K, reserved 1060864K
  class space    used 1008K, capacity 1117K, committed 1152K, reserved 1048576K
}

Deoptimization events (20 events):
Event: 1.483 Thread 0x000000449a72e800 DEOPT PACKING pc=0x000000448075c056 sp=0x000000449b78e830
Event: 1.483 Thread 0x000000449a72e800 DEOPT UNPACKING pc=0x000000448004964e sp=0x000000449b78dcd8 mode 0
Event: 1.483 Thread 0x000000449a72e800 DEOPT PACKING pc=0x000000448075c056 sp=0x000000449b78e830
Event: 1.483 Thread 0x000000449a72e800 DEOPT UNPACKING pc=0x000000448004964e sp=0x000000449b78dcd8 mode 0
Event: 1.483 Thread 0x000000449a72e800 DEOPT PACKING pc=0x000000448075c056 sp=0x000000449b78e830
Event: 1.483 Thread 0x000000449a72e800 DEOPT UNPACKING pc=0x000000448004964e sp=0x000000449b78dcd8 mode 0
Event: 1.494 Thread 0x000000449a72e800 DEOPT PACKING pc=0x000000448075c056 sp=0x000000449b78e830
Event: 1.494 Thread 0x000000449a72e800 DEOPT UNPACKING pc=0x000000448004964e sp=0x000000449b78dcd8 mode 0
Event: 1.550 Thread 0x000000449a2ae000 Uncommon trap: trap_request=0xffffff45 fr.pc=0x0000004487b15ba8 relative=0x0000000000000308
Event: 1.550 Thread 0x000000449a2ae000 Uncommon trap: reason=unstable_if action=reinterpret pc=0x0000004487b15ba8 method=java.lang.String.startsWith(Ljava/lang/String;I)Z @ 14 c2
Event: 1.550 Thread 0x000000449a2ae000 DEOPT PACKING pc=0x0000004487b15ba8 sp=0x000000449b88d750
Event: 1.550 Thread 0x000000449a2ae000 DEOPT UNPACKING pc=0x000000448004912f sp=0x000000449b88d6b0 mode 2
Event: 1.676 Thread 0x000000449a2ae000 Uncommon trap: trap_request=0xffffff45 fr.pc=0x0000004487aefab4 relative=0x0000000000000194
Event: 1.676 Thread 0x000000449a2ae000 Uncommon trap: reason=unstable_if action=reinterpret pc=0x0000004487aefab4 method=java.lang.String.equals(Ljava/lang/Object;)Z @ 33 c2
Event: 1.676 Thread 0x000000449a2ae000 DEOPT PACKING pc=0x0000004487aefab4 sp=0x000000449b88cde0
Event: 1.676 Thread 0x000000449a2ae000 DEOPT UNPACKING pc=0x000000448004912f sp=0x000000449b88cd80 mode 2
Event: 1.747 Thread 0x000000449a2ae000 Uncommon trap: trap_request=0xffffff45 fr.pc=0x0000004487b1eb34 relative=0x0000000000000094
Event: 1.747 Thread 0x000000449a2ae000 Uncommon trap: reason=unstable_if action=reinterpret pc=0x0000004487b1eb34 method=java.lang.reflect.AccessibleObject.checkCanSetAccessible(Ljava/lang/Class;Ljava/lang/Class;Z)Z @ 30 c2
Event: 1.747 Thread 0x000000449a2ae000 DEOPT PACKING pc=0x0000004487b1eb34 sp=0x000000449b88bdb0
Event: 1.747 Thread 0x000000449a2ae000 DEOPT UNPACKING pc=0x000000448004912f sp=0x000000449b88bd10 mode 2

Classes unloaded (0 events):
No events

Classes redefined (0 events):
No events

Internal exceptions (18 events):
Event: 0.088 Thread 0x00000044f42da000 Exception <a 'java/lang/ClassNotFoundException'{0x0000000710ae6930}: sun/awt/resources/spi/awtProvider> (0x0000000710ae6930) 
thrown [t:/workspace/open/src/hotspot/share/classfile/systemDictionary.cpp, line 232]
Event: 0.109 Thread 0x00000044f42da000 Exception <a 'java/io/FileNotFoundException'{0x000000071093bc88}> (0x000000071093bc88) 
thrown [t:/workspace/open/src/hotspot/share/prims/jni.cpp, line 598]
Event: 0.116 Thread 0x00000044f42da000 Exception <a 'java/io/FileNotFoundException'{0x0000000710962528}> (0x0000000710962528) 
thrown [t:/workspace/open/src/hotspot/share/prims/jni.cpp, line 598]
Event: 0.152 Thread 0x000000449a23c000 Exception <a 'java/lang/NoSuchMethodError'{0x00000007109fb388}: 'void java.lang.invoke.DirectMethodHandle$Holder.invokeSpecial(java.lang.Object, java.lang.Object)'> (0x00000007109fb388) 
thrown [t:/workspace/open/src/hotspot/share/interpreter/linkResolver.cpp, line 767]
Event: 0.172 Thread 0x00000044f42da000 Exception <a 'java/lang/NoSuchMethodError'{0x00000007109ebaa0}: 'void java.lang.invoke.DirectMethodHandle$Holder.invokeStaticInit(java.lang.Object)'> (0x00000007109ebaa0) 
thrown [t:/workspace/open/src/hotspot/share/interpreter/linkResolver.cpp, line 767]
Event: 0.177 Thread 0x00000044f42da000 Exception <a 'java/lang/NoSuchMethodError'{0x000000071081cc30}: 'java.lang.Object java.lang.invoke.DirectMethodHandle$Holder.invokeStatic(java.lang.Object, int, java.lang.Object, java.lang.Object, java.lang.Object, java.lang.Object)'> (0x000000071081cc30) 
thrown [t:/workspace/open/src/hotspot/share/interpreter/linkResolver.cpp, line 767]
Event: 0.178 Thread 0x00000044f42da000 Exception <a 'java/lang/NoSuchMethodError'{0x00000007108232e8}: 'java.lang.Object java.lang.invoke.DirectMethodHandle$Holder.invokeStatic(java.lang.Object, int, java.lang.Object, java.lang.Object, java.lang.Object)'> (0x00000007108232e8) 
thrown [t:/workspace/open/src/hotspot/share/interpreter/linkResolver.cpp, line 767]
Event: 0.178 Thread 0x00000044f42da000 Exception <a 'java/lang/NoSuchMethodError'{0x00000007108268a8}: 'java.lang.Object java.lang.invoke.DirectMethodHandle$Holder.invokeSpecial(java.lang.Object, java.lang.Object, int, java.lang.Object, java.lang.Object, java.lang.Object)'> (0x00000007108268a8) 
thrown [t:/workspace/open/src/hotspot/share/interpreter/linkResolver.cpp, line 767]
Event: 0.180 Thread 0x00000044f42da000 Exception <a 'java/lang/NoSuchMethodError'{0x000000071083c928}: 'java.lang.Object java.lang.invoke.DirectMethodHandle$Holder.invokeStatic(java.lang.Object, int, java.lang.Object)'> (0x000000071083c928) 
thrown [t:/workspace/open/src/hotspot/share/interpreter/linkResolver.cpp, line 767]
Event: 0.194 Thread 0x00000044f42da000 Exception <a 'java/lang/ClassNotFoundException'{0x00000007108b1bc8}: com/sun/java/swing/plaf/windows/resources/spi/windowsProvider> (0x00000007108b1bc8) 
thrown [t:/workspace/open/src/hotspot/share/classfile/systemDictionary.cpp, line 232]
Event: 0.195 Thread 0x00000044f42da000 Exception <a 'java/lang/ClassNotFoundException'{0x00000007108b5cb0}: com/sun/swing/internal/plaf/basic/resources/spi/basicProvider> (0x00000007108b5cb0) 
thrown [t:/workspace/open/src/hotspot/share/classfile/systemDictionary.cpp, line 232]
Event: 0.371 Thread 0x000000449a2ae000 Exception <a 'java/lang/NoSuchMethodError'{0x00000007107f9c98}: 'int java.lang.invoke.DirectMethodHandle$Holder.invokeSpecialIFC(java.lang.Object, java.lang.Object, int)'> (0x00000007107f9c98) 
thrown [t:/workspace/open/src/hotspot/share/interpreter/linkResolver.cpp, line 767]
Event: 0.399 Thread 0x000000449a2ae000 Exception <a 'java/lang/NoSuchMethodError'{0x00000007106fac30}: 'java.lang.Object java.lang.invoke.DirectMethodHandle$Holder.invokeStaticInit(java.lang.Object, int, int, int, int)'> (0x00000007106fac30) 
thrown [t:/workspace/open/src/hotspot/share/interpreter/linkResolver.cpp, line 767]
Event: 0.572 Thread 0x000000449a2ae000 Exception <a 'java/lang/NoSuchMethodError'{0x00000007105f1748}: 'java.lang.Object java.lang.invoke.DirectMethodHandle$Holder.invokeStaticInit(java.lang.Object, java.lang.Object, int, int, int, int)'> (0x00000007105f1748) 
thrown [t:/workspace/open/src/hotspot/share/interpreter/linkResolver.cpp, line 767]
Event: 0.624 Thread 0x000000449a2ae000 Exception <a 'java/lang/NoSuchMethodError'{0x00000007105fcdb0}: 'void java.lang.invoke.DirectMethodHandle$Holder.invokeStatic(java.lang.Object, long)'> (0x00000007105fcdb0) 
thrown [t:/workspace/open/src/hotspot/share/interpreter/linkResolver.cpp, line 767]
Event: 0.626 Thread 0x000000449a2ae000 Exception <a 'java/lang/NoSuchMethodError'{0x00000007104078e0}: 'java.lang.Object java.lang.invoke.DirectMethodHandle$Holder.invokeStaticInit(java.lang.Object, java.lang.Object, long, java.lang.Object)'> (0x00000007104078e0) 
thrown [t:/workspace/open/src/hotspot/share/interpreter/linkResolver.cpp, line 767]
Event: 0.626 Thread 0x000000449a2ae000 Exception <a 'java/lang/NoSuchMethodError'{0x000000071040d250}: 'java.lang.Object java.lang.invoke.Invokers$Holder.linkToTargetMethod(java.lang.Object, long, java.lang.Object)'> (0x000000071040d250) 
thrown [t:/workspace/open/src/hotspot/share/interpreter/linkResolver.cpp, line 767]
Event: 1.554 Thread 0x000000449a2ae000 Exception <a 'java/lang/NoSuchMethodError'{0x0000000710ad0060}: 'java.lang.Object java.lang.invoke.Invokers$Holder.linkToTargetMethod(java.lang.Object, int, java.lang.Object)'> (0x0000000710ad0060) 
thrown [t:/workspace/open/src/hotspot/share/interpreter/linkResolver.cpp, line 767]

Events (20 events):
Event: 1.857 loading class java/awt/KeyboardFocusManager$LightweightFocusRequest
Event: 1.857 loading class java/awt/KeyboardFocusManager$LightweightFocusRequest done
Event: 1.857 Executing VM operation: BulkRevokeBias
Event: 1.857 Executing VM operation: BulkRevokeBias done
Event: 1.859 loading class com/jogamp/opengl/util/texture/TextureState
Event: 1.859 loading class com/jogamp/opengl/util/texture/TextureState done
Event: 1.860 loading class com/jogamp/nativewindow/util/PixelFormat
Event: 1.860 loading class com/jogamp/nativewindow/util/PixelFormat done
Event: 1.860 loading class com/jogamp/nativewindow/util/PixelFormat$Composition
Event: 1.860 loading class com/jogamp/nativewindow/util/PixelFormat$Composition done
Event: 1.861 loading class com/jogamp/nativewindow/util/PixelFormat$CType
Event: 1.861 loading class com/jogamp/nativewindow/util/PixelFormat$CType done
Event: 1.861 loading class com/jogamp/nativewindow/util/PixelFormat$PackedComposition
Event: 1.861 loading class com/jogamp/nativewindow/util/PixelFormat$PackedComposition done
Event: 1.861 loading class com/jogamp/opengl/util/GLPixelBuffer$DefaultGLPixelBufferProvider
Event: 1.861 loading class com/jogamp/opengl/util/GLPixelBuffer$DefaultGLPixelBufferProvider done
Event: 1.862 loading class com/jogamp/opengl/util/GLPixelBuffer$GLPixelAttributes
Event: 1.862 loading class com/jogamp/opengl/util/GLPixelBuffer$GLPixelAttributes done
Event: 1.862 loading class java/nio/HeapIntBuffer
Event: 1.862 loading class java/nio/HeapIntBuffer done


Dynamic libraries:
0x00007ff619cf0000 - 0x00007ff619cff000 	D:\Program Files\Java\jdk-13.0.1\bin\java.exe
0x00007fff7f9d0000 - 0x00007fff7fb7d000 	C:\Windows\SYSTEM32\ntdll.dll
0x00007fff7f740000 - 0x00007fff7f87f000 	C:\Windows\system32\KERNEL32.DLL
0x00007fff58da0000 - 0x00007fff58db5000 	C:\Program Files\AVAST Software\Avast\aswhook.dll
0x00007fff7ce80000 - 0x00007fff7cf95000 	C:\Windows\system32\KERNELBASE.dll
0x00007fff6eaf0000 - 0x00007fff6eb08000 	D:\Program Files\Java\jdk-13.0.1\bin\jli.dll
0x00007fff6ce10000 - 0x00007fff6ce25000 	D:\Program Files\Java\jdk-13.0.1\bin\VCRUNTIME140.dll
0x00007fff6eae0000 - 0x00007fff6eae4000 	D:\Program Files\Java\jdk-13.0.1\bin\api-ms-win-crt-stdio-l1-1-0.dll
0x00007fff6ce00000 - 0x00007fff6ce04000 	D:\Program Files\Java\jdk-13.0.1\bin\api-ms-win-crt-runtime-l1-1-0.dll
0x00007fff6c7d0000 - 0x00007fff6c7d3000 	D:\Program Files\Java\jdk-13.0.1\bin\api-ms-win-crt-environment-l1-1-0.dll
0x00007fff6c7c0000 - 0x00007fff6c7c5000 	D:\Program Files\Java\jdk-13.0.1\bin\api-ms-win-crt-math-l1-1-0.dll
0x00007fff633b0000 - 0x00007fff633b3000 	D:\Program Files\Java\jdk-13.0.1\bin\api-ms-win-crt-locale-l1-1-0.dll
0x00007fff62ce0000 - 0x00007fff62ce3000 	D:\Program Files\Java\jdk-13.0.1\bin\api-ms-win-crt-heap-l1-1-0.dll
0x00007fff7d8f0000 - 0x00007fff7d99a000 	C:\Windows\system32\ADVAPI32.dll
0x00007fff7a780000 - 0x00007fff7a9fb000 	C:\Windows\WinSxS\amd64_microsoft.windows.common-controls_6595b64144ccf1df_6.0.9600.19394_none_62486577ecb635cf\COMCTL32.dll
0x00007fff7d050000 - 0x00007fff7d1c7000 	C:\Windows\system32\USER32.dll
0x00007fff76120000 - 0x00007fff7612a000 	C:\Windows\SYSTEM32\VERSION.dll
0x00007fff62640000 - 0x00007fff62643000 	D:\Program Files\Java\jdk-13.0.1\bin\api-ms-win-crt-filesystem-l1-1-0.dll
0x00007fff61200000 - 0x00007fff61204000 	D:\Program Files\Java\jdk-13.0.1\bin\api-ms-win-crt-string-l1-1-0.dll
0x00007fff61170000 - 0x00007fff61174000 	D:\Program Files\Java\jdk-13.0.1\bin\api-ms-win-crt-convert-l1-1-0.dll
0x00007fff7f5d0000 - 0x00007fff7f67a000 	C:\Windows\system32\msvcrt.dll
0x00007fff7f2f0000 - 0x00007fff7f348000 	C:\Windows\SYSTEM32\sechost.dll
0x00007fff7d9b0000 - 0x00007fff7daea000 	C:\Windows\system32\RPCRT4.dll
0x00007fff7f880000 - 0x00007fff7f9ce000 	C:\Windows\system32\GDI32.dll
0x00007fff5b210000 - 0x00007fff5b30c000 	D:\Program Files\Java\jdk-13.0.1\bin\ucrtbase.DLL
0x00007fff7cbc0000 - 0x00007fff7cbee000 	C:\Windows\system32\SspiCli.dll
0x00007fff7d6d0000 - 0x00007fff7d706000 	C:\Windows\system32\IMM32.DLL
0x00007fff7d230000 - 0x00007fff7d381000 	C:\Windows\system32\MSCTF.dll
0x00007fff4c590000 - 0x00007fff4c62b000 	D:\Program Files\Java\jdk-13.0.1\bin\msvcp140.dll
0x00007fff61160000 - 0x00007fff61163000 	D:\Program Files\Java\jdk-13.0.1\bin\api-ms-win-crt-time-l1-1-0.dll
0x00007fff610d0000 - 0x00007fff610d3000 	D:\Program Files\Java\jdk-13.0.1\bin\api-ms-win-crt-utility-l1-1-0.dll
0x00007fff2e3c0000 - 0x00007fff2ef26000 	D:\Program Files\Java\jdk-13.0.1\bin\server\jvm.dll
0x00007fff72240000 - 0x00007fff72249000 	C:\Windows\SYSTEM32\WSOCK32.dll
0x00007fff76040000 - 0x00007fff76062000 	C:\Windows\SYSTEM32\WINMM.dll
0x00007fff7daf0000 - 0x00007fff7daf7000 	C:\Windows\system32\PSAPI.DLL
0x00007fff7f570000 - 0x00007fff7f5ca000 	C:\Windows\system32\WS2_32.dll
0x00007fff76010000 - 0x00007fff7603a000 	C:\Windows\SYSTEM32\WINMMBASE.dll
0x00007fff7f270000 - 0x00007fff7f279000 	C:\Windows\system32\NSI.dll
0x00007fff7cbf0000 - 0x00007fff7cc3f000 	C:\Windows\SYSTEM32\cfgmgr32.dll
0x00007fff7b910000 - 0x00007fff7b938000 	C:\Windows\SYSTEM32\DEVOBJ.dll
0x00007fff610c0000 - 0x00007fff610d0000 	D:\Program Files\Java\jdk-13.0.1\bin\verify.dll
0x00007fff73810000 - 0x00007fff73999000 	C:\Windows\SYSTEM32\DBGHELP.DLL
0x00007fff61090000 - 0x00007fff610b6000 	D:\Program Files\Java\jdk-13.0.1\bin\java.dll
0x00007fff5c1c0000 - 0x00007fff5c1d7000 	D:\Program Files\Java\jdk-13.0.1\bin\zip.dll
0x00007fff60750000 - 0x00007fff6075a000 	D:\Program Files\Java\jdk-13.0.1\bin\jimage.dll
0x00007fff7db60000 - 0x00007fff7f08e000 	C:\Windows\system32\SHELL32.dll
0x00007fff7f350000 - 0x00007fff7f562000 	C:\Windows\SYSTEM32\combase.dll
0x00007fff7db00000 - 0x00007fff7db54000 	C:\Windows\system32\SHLWAPI.dll
0x00007fff7b090000 - 0x00007fff7b142000 	C:\Windows\SYSTEM32\SHCORE.dll
0x00007fff7caf0000 - 0x00007fff7cb05000 	C:\Windows\SYSTEM32\profapi.dll
0x00007fff5b1f0000 - 0x00007fff5b209000 	D:\Program Files\Java\jdk-13.0.1\bin\net.dll
0x00007fff6f350000 - 0x00007fff6f419000 	C:\Windows\SYSTEM32\WINHTTP.dll
0x00007fff7c330000 - 0x00007fff7c389000 	C:\Windows\system32\mswsock.dll
0x00007fff5b1d0000 - 0x00007fff5b1e3000 	D:\Program Files\Java\jdk-13.0.1\bin\nio.dll
0x00007fff40610000 - 0x00007fff407a9000 	D:\Program Files\Java\jdk-13.0.1\bin\awt.dll
0x00007fff7d450000 - 0x00007fff7d516000 	C:\Windows\system32\OLEAUT32.dll
0x00007fff739a0000 - 0x00007fff73e21000 	C:\Windows\SYSTEM32\d2d1.dll
0x00007fff7b6c0000 - 0x00007fff7b74e000 	C:\Windows\system32\apphelp.dll
0x00007fff7b7e0000 - 0x00007fff7b909000 	C:\Windows\system32\uxtheme.dll
0x00007fff7ae90000 - 0x00007fff7aeb1000 	C:\Windows\system32\dwmapi.dll
0x00007fff7d530000 - 0x00007fff7d6c5000 	C:\Windows\system32\ole32.dll
0x00007fff7b960000 - 0x00007fff7b96b000 	C:\Windows\SYSTEM32\kernel.appcore.dll
0x00007fff7ca60000 - 0x00007fff7ca6b000 	C:\Windows\SYSTEM32\CRYPTBASE.dll
0x00007fff7c8f0000 - 0x00007fff7c953000 	C:\Windows\SYSTEM32\bcryptPrimitives.dll
0x00007fff64d60000 - 0x00007fff64e8b000 	C:\Windows\system32\opengl32.dll
0x00007fff64fb0000 - 0x00007fff64fde000 	C:\Windows\SYSTEM32\GLU32.dll
0x00007fff64eb0000 - 0x00007fff64fa8000 	C:\Windows\SYSTEM32\DDRAW.dll
0x00007fff64ea0000 - 0x00007fff64ea9000 	C:\Windows\SYSTEM32\DCIMAN32.dll
0x00007fff6b1c0000 - 0x00007fff6b3e1000 	C:\Windows\system32\d3d9.dll
0x00007fff4caf0000 - 0x00007fff4e23d000 	C:\Windows\SYSTEM32\nvd3dumx.dll
0x00007fff7cba0000 - 0x00007fff7cbb1000 	C:\Windows\system32\msasn1.dll
0x00007fff75fd0000 - 0x00007fff76003000 	C:\Windows\SYSTEM32\cryptnet.dll
0x00007fff7cc40000 - 0x00007fff7ce1e000 	C:\Windows\system32\CRYPT32.dll
0x00007fff7d1d0000 - 0x00007fff7d22c000 	C:\Windows\system32\WLDAP32.dll
0x00007fff506f0000 - 0x00007fff509b4000 	C:\Windows\system32\nvspcap64.dll
0x00007fff7a740000 - 0x00007fff7a772000 	C:\Windows\SYSTEM32\ntmarta.dll
0x00007fff7ce20000 - 0x00007fff7ce71000 	C:\Windows\System32\WINTRUST.DLL
0x00007fff7d8d0000 - 0x00007fff7d8e6000 	C:\Windows\system32\imagehlp.dll
0x00007fff7c390000 - 0x00007fff7c3b0000 	C:\Windows\SYSTEM32\CRYPTSP.dll
0x00007fff7bfb0000 - 0x00007fff7bfe6000 	C:\Windows\system32\rsaenh.dll
0x00007fff7c5d0000 - 0x00007fff7c5f6000 	C:\Windows\SYSTEM32\bcrypt.dll
0x00007fff7c5a0000 - 0x00007fff7c5c5000 	C:\Windows\SYSTEM32\ncrypt.dll
0x00007fff7c560000 - 0x00007fff7c597000 	C:\Windows\SYSTEM32\NTASN1.dll
0x00007fff7bcb0000 - 0x00007fff7bcd4000 	C:\Windows\SYSTEM32\gpapi.dll
0x00007fff4c140000 - 0x00007fff4c1c2000 	D:\Program Files\Java\jdk-13.0.1\bin\freetype.dll
0x00007fff4b320000 - 0x00007fff4b3c6000 	D:\Program Files\Java\jdk-13.0.1\bin\fontmanager.dll
0x00007fff7c0c0000 - 0x00007fff7c0e1000 	C:\Windows\SYSTEM32\USERENV.dll
0x00007fff75720000 - 0x00007fff7574a000 	C:\Windows\SYSTEM32\IPHLPAPI.DLL
0x00007fff757c0000 - 0x00007fff757ca000 	C:\Windows\SYSTEM32\WINNSI.DLL
0x00007fff72370000 - 0x00007fff72386000 	C:\Windows\SYSTEM32\dhcpcsvc6.DLL
0x00007fff722e0000 - 0x00007fff722fa000 	C:\Windows\SYSTEM32\dhcpcsvc.DLL
0x000000006e8c0000 - 0x000000006e8cd000 	C:\Users\Èenìk\AppData\Local\Temp\jogamp_0000\file_cache\jln7241986766043256957\jln2341046648517494912\natives\windows-amd64\gluegen_rt.dll
0x00007fff5c610000 - 0x00007fff5c617000 	D:\Program Files\Java\jdk-13.0.1\bin\jawt.dll
0x000000006a440000 - 0x000000006a44d000 	C:\Users\Èenìk\AppData\Local\Temp\jogamp_0000\file_cache\jln7241986766043256957\jln2341046648517494912\natives\windows-amd64\nativewindow_awt.dll
0x000000006c100000 - 0x000000006c110000 	C:\Users\Èenìk\AppData\Local\Temp\jogamp_0000\file_cache\jln7241986766043256957\jln2341046648517494912\natives\windows-amd64\nativewindow_win32.dll
0x0000000064500000 - 0x0000000064585000 	C:\Users\Èenìk\AppData\Local\Temp\jogamp_0000\file_cache\jln7241986766043256957\jln2341046648517494912\natives\windows-amd64\jogl_desktop.dll
0x0000000064340000 - 0x0000000064391000 	C:\Users\Èenìk\AppData\Local\Temp\jogamp_0000\file_cache\jln7241986766043256957\jln2341046648517494912\natives\windows-amd64\jogl_mobile.dll
0x00007fff2ef30000 - 0x00007fff318bb000 	C:\Windows\SYSTEM32\nvoglv64.DLL
0x00007fff7f090000 - 0x00007fff7f26a000 	C:\Windows\system32\SETUPAPI.dll
0x00007fff757f0000 - 0x00007fff75802000 	C:\Windows\SYSTEM32\WTSAPI32.dll
0x00007fff7ca90000 - 0x00007fff7cad6000 	C:\Windows\SYSTEM32\powrprof.dll
0x00007fff7ca00000 - 0x00007fff7ca5a000 	C:\Windows\SYSTEM32\WINSTA.dll
0x00007fff72d30000 - 0x00007fff72e65000 	C:\Windows\SYSTEM32\uiautomationcore.dll
0x00007fff75a70000 - 0x00007fff75ada000 	C:\Windows\SYSTEM32\OLEACC.dll

dbghelp: loaded successfully - version: 4.0.5 - missing functions: none
symbol engine: initialized successfully - sym options: 0x614 - pdb path: .;D:\Program Files\Java\jdk-13.0.1\bin;C:\Windows\SYSTEM32;C:\Program Files\AVAST Software\Avast;C:\Windows\WinSxS\amd64_microsoft.windows.common-controls_6595b64144ccf1df_6.0.9600.19394_none_62486577ecb635cf;D:\Program Files\Java\jdk-13.0.1\bin\server;C:\Users\Èenìk\AppData\Local\Temp\jogamp_0000\file_cache\jln7241986766043256957\jln2341046648517494912\natives\windows-amd64

VM Arguments:
jvm_args: -Dfile.encoding=UTF-8 
java_command: urender.demo.UDemoWindow
java_class_path (initial): C:\Users\Èenìk\eclipse-workspace\UberRender\lib\gluegen-rt.jar;C:\Users\Èenìk\eclipse-workspace\UberRender\lib\gluegen-rt-natives-windows-amd64.jar;C:\Users\Èenìk\eclipse-workspace\UberRender\lib\gluegen.jar;C:\Users\Èenìk\eclipse-workspace\UberRender\lib\jogl-all-natives-windows-amd64.jar;C:\Users\Èenìk\eclipse-workspace\UberRender\lib\jogl-all.jar;C:\Users\Èenìk\eclipse-workspace\UberRender\LibUberRender\build\classes;C:\Users\Èenìk\eclipse-workspace\UberRender\lib\joml-1.10.0.jar;C:\Users\Èenìk\eclipse-workspace\UberRender\UberRenderDemo\build\classes
Launcher Type: SUN_STANDARD

[Global flags]
     intx CICompilerCount                          = 4                                         {product} {ergonomic}
     uint ConcGCThreads                            = 3                                         {product} {ergonomic}
     uint G1ConcRefinementThreads                  = 10                                        {product} {ergonomic}
   size_t G1HeapRegionSize                         = 1048576                                   {product} {ergonomic}
    uintx GCDrainStackTargetSize                   = 64                                        {product} {ergonomic}
   size_t InitialHeapSize                          = 268435456                                 {product} {ergonomic}
   size_t MarkStackSize                            = 4194304                                   {product} {ergonomic}
   size_t MaxHeapSize                              = 4282384384                                {product} {ergonomic}
   size_t MaxNewSize                               = 2569011200                                {product} {ergonomic}
   size_t MinHeapDeltaBytes                        = 1048576                                   {product} {ergonomic}
   size_t MinHeapSize                              = 8388608                                   {product} {ergonomic}
    uintx NonNMethodCodeHeapSize                   = 5836300                                {pd product} {ergonomic}
    uintx NonProfiledCodeHeapSize                  = 122910970                              {pd product} {ergonomic}
    uintx ProfiledCodeHeapSize                     = 122910970                              {pd product} {ergonomic}
    uintx ReservedCodeCacheSize                    = 251658240                              {pd product} {ergonomic}
     bool SegmentedCodeCache                       = true                                      {product} {ergonomic}
   size_t SoftMaxHeapSize                          = 4282384384                             {manageable} {ergonomic}
     bool UseCompressedClassPointers               = true                                 {lp64_product} {ergonomic}
     bool UseCompressedOops                        = true                                 {lp64_product} {ergonomic}
     bool UseG1GC                                  = true                                      {product} {ergonomic}
     bool UseLargePagesIndividualAllocation        = false                                  {pd product} {ergonomic}

Logging:
Log output configuration:
 #0: stdout all=warning uptime,level,tags
 #1: stderr all=off uptime,level,tags

Environment Variables:
JAVA_HOME=D:\Program Files\Java\jdk1.8.0_301
PATH=D:\Program Files (x86)\Common Files\Oracle\Java\javapath;D:\Program Files (x86)\CSL Arm Toolchain\bin;D:\Perl\bin\;D:\Program Files (x86)\Conan\conan;D:\Program Files\Python37-32\Scripts\;D:\Program Files\Python37-32\;D:\Program Files\Python27\;D:\Program Files\Python27\Scripts;C:\Windows\system32;C:\Windows;C:\Windows\System32\Wbem;C:\Windows\System32\WindowsPowerShell\v1.0\;D:\Program Files (x86)\NVIDIA Corporation\PhysX\Common;C:\Program Files\PuTTY\;C:\Program Files\Microsoft SQL Server\110\Tools\Binn\;C:\Program Files\Microsoft SQL Server\120\Tools\Binn\;D:\Program Files\nodejs\;C:\Program Files\doxygen\bin;C:\MinGW\bin;C:\Program Files\NVIDIA Corporation\NVIDIA NvDLISR;C:\Program Files\dotnet\;C:\Program Files (x86)\NVIDIA Corporation\PhysX\Common;D:\Program Files\CMake\bin;C:\Program Files\Common Files\Autodesk Shared\;D:\Work\Qt\4.8.6\bin;C:\Program Files (x86)\GtkSharp\2.12\bin;C:\Program Files\Git\cmd;C:\Program Files (x86)\dotnet\;D:\Program Files (x86)\GNU Arm Embedded Toolchain\10 2020-q4-major\bin;D:\Program Files\Python\Python37\Scripts\;D:\Program Files\Python\Python37\;D:\Program Files\Java\jdk1.8.0_161\bin;C:\Users\Èenìk\AppData\Roaming\npm;D:\Program Files\CMake\bin;C:\Users\Èenìk\.dotnet\tools;D:\_REWorkspace\_ng\ka3d\SystemDLL
USERNAME=Èenìk
OS=Windows_NT
PROCESSOR_IDENTIFIER=AMD64 Family 23 Model 1 Stepping 1, AuthenticAMD



---------------  S Y S T E M  ---------------

OS: Windows 8.1 , 64 bit Build 9600 (6.3.9600.20062)

CPU:total 12 (initial active 12) (12 cores per cpu, 2 threads per core) family 23 model 1 stepping 1, cmov, cx8, fxsr, mmx, sse, sse2, sse3, ssse3, sse4.1, sse4.2, popcnt, avx, avx2, aes, clmul, mmxext, 3dnowpref, lzcnt, sse4a, ht, tsc, tscinvbit, tscinv, bmi1, bmi2, adx, sha, fma

Memory: 4k page, system-wide physical 16334M (7243M free)
TotalPageFile size 26574M (AvailPageFile size 15645M)
current process WorkingSet (physical memory assigned to process): 179M, peak: 179M
current process commit charge ("private bytes"): 460M, peak: 460M

vm_info: Java HotSpot(TM) 64-Bit Server VM (13.0.1+9) for windows-amd64 JRE (13.0.1+9), built on Oct  6 2019 12:37:49 by "mach5one" with unknown MS VC++:1916

END.
